INFO - 2023-09-06 07:35:46 --> Session: Class initialized using 'CodeIgniter\Session\Handlers\FileHandler' driver.
INFO - 2023-09-06 07:35:52 --> Session: Class initialized using 'CodeIgniter\Session\Handlers\FileHandler' driver.
INFO - 2023-09-06 07:36:10 --> Session: Class initialized using 'CodeIgniter\Session\Handlers\FileHandler' driver.
INFO - 2023-09-06 07:36:11 --> Session: Class initialized using 'CodeIgniter\Session\Handlers\FileHandler' driver.
INFO - 2023-09-06 07:36:12 --> Session: Class initialized using 'CodeIgniter\Session\Handlers\FileHandler' driver.
INFO - 2023-09-06 07:36:13 --> Session: Class initialized using 'CodeIgniter\Session\Handlers\FileHandler' driver.
INFO - 2023-09-06 07:36:13 --> Session: Class initialized using 'CodeIgniter\Session\Handlers\FileHandler' driver.
INFO - 2023-09-06 07:36:14 --> Session: Class initialized using 'CodeIgniter\Session\Handlers\FileHandler' driver.
INFO - 2023-09-06 07:36:15 --> Session: Class initialized using 'CodeIgniter\Session\Handlers\FileHandler' driver.
INFO - 2023-09-06 07:36:16 --> Session: Class initialized using 'CodeIgniter\Session\Handlers\FileHandler' driver.
INFO - 2023-09-06 07:36:16 --> Session: Class initialized using 'CodeIgniter\Session\Handlers\FileHandler' driver.
INFO - 2023-09-06 07:36:16 --> Session: Class initialized using 'CodeIgniter\Session\Handlers\FileHandler' driver.
INFO - 2023-09-06 07:36:17 --> Session: Class initialized using 'CodeIgniter\Session\Handlers\FileHandler' driver.
INFO - 2023-09-06 07:36:17 --> Session: Class initialized using 'CodeIgniter\Session\Handlers\FileHandler' driver.
INFO - 2023-09-06 07:36:21 --> Session: Class initialized using 'CodeIgniter\Session\Handlers\FileHandler' driver.
INFO - 2023-09-06 07:36:21 --> Session: Class initialized using 'CodeIgniter\Session\Handlers\FileHandler' driver.
INFO - 2023-09-06 07:36:21 --> Session: Class initialized using 'CodeIgniter\Session\Handlers\FileHandler' driver.
INFO - 2023-09-06 07:36:21 --> Session: Class initialized using 'CodeIgniter\Session\Handlers\FileHandler' driver.
INFO - 2023-09-06 07:36:22 --> Session: Class initialized using 'CodeIgniter\Session\Handlers\FileHandler' driver.
INFO - 2023-09-06 07:36:22 --> Session: Class initialized using 'CodeIgniter\Session\Handlers\FileHandler' driver.
INFO - 2023-09-06 07:36:24 --> Session: Class initialized using 'CodeIgniter\Session\Handlers\FileHandler' driver.
INFO - 2023-09-06 07:36:24 --> Session: Class initialized using 'CodeIgniter\Session\Handlers\FileHandler' driver.
INFO - 2023-09-06 07:36:24 --> Session: Class initialized using 'CodeIgniter\Session\Handlers\FileHandler' driver.
INFO - 2023-09-06 07:36:25 --> Session: Class initialized using 'CodeIgniter\Session\Handlers\FileHandler' driver.
INFO - 2023-09-06 07:36:25 --> Session: Class initialized using 'CodeIgniter\Session\Handlers\FileHandler' driver.
INFO - 2023-09-06 07:36:25 --> Session: Class initialized using 'CodeIgniter\Session\Handlers\FileHandler' driver.
INFO - 2023-09-06 07:43:42 --> Session: Class initialized using 'CodeIgniter\Session\Handlers\FileHandler' driver.
INFO - 2023-09-06 07:43:44 --> Session: Class initialized using 'CodeIgniter\Session\Handlers\FileHandler' driver.
INFO - 2023-09-06 07:43:44 --> Session: Class initialized using 'CodeIgniter\Session\Handlers\FileHandler' driver.
INFO - 2023-09-06 07:43:44 --> Session: Class initialized using 'CodeIgniter\Session\Handlers\FileHandler' driver.
INFO - 2023-09-06 07:43:45 --> Session: Class initialized using 'CodeIgniter\Session\Handlers\FileHandler' driver.
INFO - 2023-09-06 07:43:46 --> Session: Class initialized using 'CodeIgniter\Session\Handlers\FileHandler' driver.
INFO - 2023-09-06 08:52:24 --> Session: Class initialized using 'CodeIgniter\Session\Handlers\FileHandler' driver.
INFO - 2023-09-06 08:52:29 --> Session: Class initialized using 'CodeIgniter\Session\Handlers\FileHandler' driver.
INFO - 2023-09-06 08:52:31 --> Session: Class initialized using 'CodeIgniter\Session\Handlers\FileHandler' driver.
INFO - 2023-09-06 08:52:31 --> Session: Class initialized using 'CodeIgniter\Session\Handlers\FileHandler' driver.
INFO - 2023-09-06 08:52:31 --> Session: Class initialized using 'CodeIgniter\Session\Handlers\FileHandler' driver.
INFO - 2023-09-06 08:52:32 --> Session: Class initialized using 'CodeIgniter\Session\Handlers\FileHandler' driver.
INFO - 2023-09-06 08:52:36 --> Session: Class initialized using 'CodeIgniter\Session\Handlers\FileHandler' driver.
INFO - 2023-09-06 08:52:37 --> Session: Class initialized using 'CodeIgniter\Session\Handlers\FileHandler' driver.
INFO - 2023-09-06 08:52:37 --> Session: Class initialized using 'CodeIgniter\Session\Handlers\FileHandler' driver.
INFO - 2023-09-06 08:52:37 --> Session: Class initialized using 'CodeIgniter\Session\Handlers\FileHandler' driver.
INFO - 2023-09-06 08:52:37 --> Session: Class initialized using 'CodeIgniter\Session\Handlers\FileHandler' driver.
INFO - 2023-09-06 08:52:38 --> Session: Class initialized using 'CodeIgniter\Session\Handlers\FileHandler' driver.
INFO - 2023-09-06 08:52:42 --> Session: Class initialized using 'CodeIgniter\Session\Handlers\FileHandler' driver.
INFO - 2023-09-06 08:52:44 --> Session: Class initialized using 'CodeIgniter\Session\Handlers\FileHandler' driver.
INFO - 2023-09-06 08:56:08 --> Session: Class initialized using 'CodeIgniter\Session\Handlers\FileHandler' driver.
INFO - 2023-09-06 08:56:09 --> Session: Class initialized using 'CodeIgniter\Session\Handlers\FileHandler' driver.
INFO - 2023-09-06 08:56:09 --> Session: Class initialized using 'CodeIgniter\Session\Handlers\FileHandler' driver.
INFO - 2023-09-06 08:56:09 --> Session: Class initialized using 'CodeIgniter\Session\Handlers\FileHandler' driver.
INFO - 2023-09-06 08:56:10 --> Session: Class initialized using 'CodeIgniter\Session\Handlers\FileHandler' driver.
INFO - 2023-09-06 08:56:10 --> Session: Class initialized using 'CodeIgniter\Session\Handlers\FileHandler' driver.
INFO - 2023-09-06 09:01:44 --> Session: Class initialized using 'CodeIgniter\Session\Handlers\FileHandler' driver.
INFO - 2023-09-06 09:01:45 --> Session: Class initialized using 'CodeIgniter\Session\Handlers\FileHandler' driver.
INFO - 2023-09-06 09:01:45 --> Session: Class initialized using 'CodeIgniter\Session\Handlers\FileHandler' driver.
INFO - 2023-09-06 09:01:45 --> Session: Class initialized using 'CodeIgniter\Session\Handlers\FileHandler' driver.
INFO - 2023-09-06 09:01:46 --> Session: Class initialized using 'CodeIgniter\Session\Handlers\FileHandler' driver.
INFO - 2023-09-06 09:01:48 --> Session: Class initialized using 'CodeIgniter\Session\Handlers\FileHandler' driver.
INFO - 2023-09-06 09:02:07 --> Session: Class initialized using 'CodeIgniter\Session\Handlers\FileHandler' driver.
INFO - 2023-09-06 09:02:08 --> Session: Class initialized using 'CodeIgniter\Session\Handlers\FileHandler' driver.
INFO - 2023-09-06 09:02:08 --> Session: Class initialized using 'CodeIgniter\Session\Handlers\FileHandler' driver.
INFO - 2023-09-06 09:02:08 --> Session: Class initialized using 'CodeIgniter\Session\Handlers\FileHandler' driver.
INFO - 2023-09-06 09:02:08 --> Session: Class initialized using 'CodeIgniter\Session\Handlers\FileHandler' driver.
INFO - 2023-09-06 09:02:09 --> Session: Class initialized using 'CodeIgniter\Session\Handlers\FileHandler' driver.
INFO - 2023-09-06 09:02:11 --> Session: Class initialized using 'CodeIgniter\Session\Handlers\FileHandler' driver.
INFO - 2023-09-06 09:02:12 --> Session: Class initialized using 'CodeIgniter\Session\Handlers\FileHandler' driver.
INFO - 2023-09-06 09:02:12 --> Session: Class initialized using 'CodeIgniter\Session\Handlers\FileHandler' driver.
INFO - 2023-09-06 09:02:12 --> Session: Class initialized using 'CodeIgniter\Session\Handlers\FileHandler' driver.
INFO - 2023-09-06 09:02:12 --> Session: Class initialized using 'CodeIgniter\Session\Handlers\FileHandler' driver.
INFO - 2023-09-06 09:02:13 --> Session: Class initialized using 'CodeIgniter\Session\Handlers\FileHandler' driver.
INFO - 2023-09-06 09:02:16 --> Session: Class initialized using 'CodeIgniter\Session\Handlers\FileHandler' driver.
INFO - 2023-09-06 09:02:16 --> Session: Class initialized using 'CodeIgniter\Session\Handlers\FileHandler' driver.
INFO - 2023-09-06 09:02:17 --> Session: Class initialized using 'CodeIgniter\Session\Handlers\FileHandler' driver.
INFO - 2023-09-06 09:02:17 --> Session: Class initialized using 'CodeIgniter\Session\Handlers\FileHandler' driver.
INFO - 2023-09-06 09:02:17 --> Session: Class initialized using 'CodeIgniter\Session\Handlers\FileHandler' driver.
INFO - 2023-09-06 09:02:18 --> Session: Class initialized using 'CodeIgniter\Session\Handlers\FileHandler' driver.
INFO - 2023-09-06 09:06:38 --> Session: Class initialized using 'CodeIgniter\Session\Handlers\FileHandler' driver.
INFO - 2023-09-06 09:06:39 --> Session: Class initialized using 'CodeIgniter\Session\Handlers\FileHandler' driver.
INFO - 2023-09-06 09:06:39 --> Session: Class initialized using 'CodeIgniter\Session\Handlers\FileHandler' driver.
INFO - 2023-09-06 09:06:40 --> Session: Class initialized using 'CodeIgniter\Session\Handlers\FileHandler' driver.
INFO - 2023-09-06 09:06:40 --> Session: Class initialized using 'CodeIgniter\Session\Handlers\FileHandler' driver.
INFO - 2023-09-06 09:06:42 --> Session: Class initialized using 'CodeIgniter\Session\Handlers\FileHandler' driver.
INFO - 2023-09-06 09:06:42 --> Session: Class initialized using 'CodeIgniter\Session\Handlers\FileHandler' driver.
INFO - 2023-09-06 09:06:45 --> Session: Class initialized using 'CodeIgniter\Session\Handlers\FileHandler' driver.
INFO - 2023-09-06 09:06:58 --> Session: Class initialized using 'CodeIgniter\Session\Handlers\FileHandler' driver.
INFO - 2023-09-06 09:06:59 --> Session: Class initialized using 'CodeIgniter\Session\Handlers\FileHandler' driver.
INFO - 2023-09-06 09:11:17 --> Session: Class initialized using 'CodeIgniter\Session\Handlers\FileHandler' driver.
INFO - 2023-09-06 09:11:19 --> Session: Class initialized using 'CodeIgniter\Session\Handlers\FileHandler' driver.
INFO - 2023-09-06 09:11:59 --> Session: Class initialized using 'CodeIgniter\Session\Handlers\FileHandler' driver.
INFO - 2023-09-06 09:12:00 --> Session: Class initialized using 'CodeIgniter\Session\Handlers\FileHandler' driver.
INFO - 2023-09-06 09:12:09 --> Session: Class initialized using 'CodeIgniter\Session\Handlers\FileHandler' driver.
INFO - 2023-09-06 09:12:11 --> Session: Class initialized using 'CodeIgniter\Session\Handlers\FileHandler' driver.
INFO - 2023-09-06 09:12:15 --> Session: Class initialized using 'CodeIgniter\Session\Handlers\FileHandler' driver.
INFO - 2023-09-06 09:12:18 --> Session: Class initialized using 'CodeIgniter\Session\Handlers\FileHandler' driver.
INFO - 2023-09-06 09:12:44 --> Session: Class initialized using 'CodeIgniter\Session\Handlers\FileHandler' driver.
INFO - 2023-09-06 09:12:45 --> Session: Class initialized using 'CodeIgniter\Session\Handlers\FileHandler' driver.
INFO - 2023-09-06 09:16:11 --> Session: Class initialized using 'CodeIgniter\Session\Handlers\FileHandler' driver.
INFO - 2023-09-06 09:16:13 --> Session: Class initialized using 'CodeIgniter\Session\Handlers\FileHandler' driver.
CRITICAL - 2023-09-06 09:19:03 --> Undefined variable $posts
in APPPATH\Controllers\Posts\PostsController.php on line 57.
 1 APPPATH\Controllers\Posts\PostsController.php(57): CodeIgniter\Debug\Exceptions->errorHandler(2, 'Undefined variable $posts', 'C:\\xampp\\htdocs\\ci-blog\\app\\Controllers\\Posts\\PostsController.php', 57)
 2 SYSTEMPATH\CodeIgniter.php(915): App\Controllers\Posts\PostsController->singlePost('2')
 3 SYSTEMPATH\CodeIgniter.php(492): CodeIgniter\CodeIgniter->runController(Object(App\Controllers\Posts\PostsController))
 4 SYSTEMPATH\CodeIgniter.php(353): CodeIgniter\CodeIgniter->handleRequest(null, Object(Config\Cache), false)
 5 FCPATH\index.php(79): CodeIgniter\CodeIgniter->run()
CRITICAL - 2023-09-06 09:19:45 --> Undefined variable $popPosts
in APPPATH\Views\posts\single.php on line 142.
 1 APPPATH\Views\posts\single.php(142): CodeIgniter\Debug\Exceptions->errorHandler(2, 'Undefined variable $popPosts', 'C:\\xampp\\htdocs\\ci-blog\\app\\Views\\posts\\single.php', 142)
 2 SYSTEMPATH\View\View.php(226): include('C:\\xampp\\htdocs\\ci-blog\\app\\Views\\posts\\single.php')
 3 SYSTEMPATH\View\View.php(229): CodeIgniter\View\View->CodeIgniter\View\{closure}()
 4 SYSTEMPATH\Common.php(1178): CodeIgniter\View\View->render('posts/single', [...], true)
 5 APPPATH\Controllers\Posts\PostsController.php(64): view('posts/single', [...], [...])
 6 SYSTEMPATH\CodeIgniter.php(915): App\Controllers\Posts\PostsController->singlePost('2')
 7 SYSTEMPATH\CodeIgniter.php(492): CodeIgniter\CodeIgniter->runController(Object(App\Controllers\Posts\PostsController))
 8 SYSTEMPATH\CodeIgniter.php(353): CodeIgniter\CodeIgniter->handleRequest(null, Object(Config\Cache), false)
 9 FCPATH\index.php(79): CodeIgniter\CodeIgniter->run()
CRITICAL - 2023-09-06 09:22:12 --> Attempt to read property "title" on array
in APPPATH\Controllers\Posts\PostsController.php on line 49.
 1 APPPATH\Controllers\Posts\PostsController.php(49): CodeIgniter\Debug\Exceptions->errorHandler(2, 'Attempt to read property "title" on array', 'C:\\xampp\\htdocs\\ci-blog\\app\\Controllers\\Posts\\PostsController.php', 49)
 2 SYSTEMPATH\CodeIgniter.php(915): App\Controllers\Posts\PostsController->singlePost('2')
 3 SYSTEMPATH\CodeIgniter.php(492): CodeIgniter\CodeIgniter->runController(Object(App\Controllers\Posts\PostsController))
 4 SYSTEMPATH\CodeIgniter.php(353): CodeIgniter\CodeIgniter->handleRequest(null, Object(Config\Cache), false)
 5 FCPATH\index.php(79): CodeIgniter\CodeIgniter->run()
CRITICAL - 2023-09-06 09:22:29 --> Call to a member function get() on array
in APPPATH\Controllers\Posts\PostsController.php on line 47.
 1 SYSTEMPATH\CodeIgniter.php(915): App\Controllers\Posts\PostsController->singlePost('2')
 2 SYSTEMPATH\CodeIgniter.php(492): CodeIgniter\CodeIgniter->runController(Object(App\Controllers\Posts\PostsController))
 3 SYSTEMPATH\CodeIgniter.php(353): CodeIgniter\CodeIgniter->handleRequest(null, Object(Config\Cache), false)
 4 FCPATH\index.php(79): CodeIgniter\CodeIgniter->run()
ERROR - 2023-09-06 09:22:59 --> mysqli_sql_exception: You have an error in your SQL syntax; check the manual that corresponds to your MariaDB server version for the right syntax to use near ':2:' at line 3 in C:\xampp\htdocs\ci-blog\system\Database\MySQLi\Connection.php:306
Stack trace:
#0 C:\xampp\htdocs\ci-blog\system\Database\MySQLi\Connection.php(306): mysqli->query('SELECT *\nFROM `...', 0)
#1 C:\xampp\htdocs\ci-blog\system\Database\BaseConnection.php(692): CodeIgniter\Database\MySQLi\Connection->execute('SELECT *\nFROM `...')
#2 C:\xampp\htdocs\ci-blog\system\Database\BaseConnection.php(606): CodeIgniter\Database\BaseConnection->simpleQuery('SELECT *\nFROM `...')
#3 C:\xampp\htdocs\ci-blog\system\Database\BaseBuilder.php(1616): CodeIgniter\Database\BaseConnection->query('SELECT *\nFROM `...', Array, false)
#4 C:\xampp\htdocs\ci-blog\system\Model.php(871): CodeIgniter\Database\BaseBuilder->get()
#5 C:\xampp\htdocs\ci-blog\app\Controllers\Posts\PostsController.php(47): CodeIgniter\Model->__call('get', Array)
#6 C:\xampp\htdocs\ci-blog\system\CodeIgniter.php(915): App\Controllers\Posts\PostsController->singlePost('2')
#7 C:\xampp\htdocs\ci-blog\system\CodeIgniter.php(492): CodeIgniter\CodeIgniter->runController(Object(App\Controllers\Posts\PostsController))
#8 C:\xampp\htdocs\ci-blog\system\CodeIgniter.php(353): CodeIgniter\CodeIgniter->handleRequest(NULL, Object(Config\Cache), false)
#9 C:\xampp\htdocs\ci-blog\index.php(79): CodeIgniter\CodeIgniter->run()
#10 {main}
CRITICAL - 2023-09-06 09:22:59 --> You have an error in your SQL syntax; check the manual that corresponds to your MariaDB server version for the right syntax to use near ':2:' at line 3
in SYSTEMPATH\Database\BaseConnection.php on line 646.
 1 SYSTEMPATH\Database\BaseBuilder.php(1616): CodeIgniter\Database\BaseConnection->query('SELECT *
FROM `posts`
WHERE 2 = :2:', [...], false)
 2 SYSTEMPATH\Model.php(871): CodeIgniter\Database\BaseBuilder->get()
 3 APPPATH\Controllers\Posts\PostsController.php(47): CodeIgniter\Model->__call('get', [])
 4 SYSTEMPATH\CodeIgniter.php(915): App\Controllers\Posts\PostsController->singlePost('2')
 5 SYSTEMPATH\CodeIgniter.php(492): CodeIgniter\CodeIgniter->runController(Object(App\Controllers\Posts\PostsController))
 6 SYSTEMPATH\CodeIgniter.php(353): CodeIgniter\CodeIgniter->handleRequest(null, Object(Config\Cache), false)
 7 FCPATH\index.php(79): CodeIgniter\CodeIgniter->run()
CRITICAL - 2023-09-06 09:23:23 --> Undefined property: CodeIgniter\Database\MySQLi\Result::$title
in APPPATH\Controllers\Posts\PostsController.php on line 49.
 1 APPPATH\Controllers\Posts\PostsController.php(49): CodeIgniter\Debug\Exceptions->errorHandler(2, 'Undefined property: CodeIgniter\\Database\\MySQLi\\Result::$title', 'C:\\xampp\\htdocs\\ci-blog\\app\\Controllers\\Posts\\PostsController.php', 49)
 2 SYSTEMPATH\CodeIgniter.php(915): App\Controllers\Posts\PostsController->singlePost('2')
 3 SYSTEMPATH\CodeIgniter.php(492): CodeIgniter\CodeIgniter->runController(Object(App\Controllers\Posts\PostsController))
 4 SYSTEMPATH\CodeIgniter.php(353): CodeIgniter\CodeIgniter->handleRequest(null, Object(Config\Cache), false)
 5 FCPATH\index.php(79): CodeIgniter\CodeIgniter->run()
CRITICAL - 2023-09-06 09:23:52 --> Attempt to read property "title" on array
in APPPATH\Controllers\Posts\PostsController.php on line 49.
 1 APPPATH\Controllers\Posts\PostsController.php(49): CodeIgniter\Debug\Exceptions->errorHandler(2, 'Attempt to read property "title" on array', 'C:\\xampp\\htdocs\\ci-blog\\app\\Controllers\\Posts\\PostsController.php', 49)
 2 SYSTEMPATH\CodeIgniter.php(915): App\Controllers\Posts\PostsController->singlePost('2')
 3 SYSTEMPATH\CodeIgniter.php(492): CodeIgniter\CodeIgniter->runController(Object(App\Controllers\Posts\PostsController))
 4 SYSTEMPATH\CodeIgniter.php(353): CodeIgniter\CodeIgniter->handleRequest(null, Object(Config\Cache), false)
 5 FCPATH\index.php(79): CodeIgniter\CodeIgniter->run()
CRITICAL - 2023-09-06 09:24:10 --> Attempt to read property "title" on array
in APPPATH\Controllers\Posts\PostsController.php on line 49.
 1 APPPATH\Controllers\Posts\PostsController.php(49): CodeIgniter\Debug\Exceptions->errorHandler(2, 'Attempt to read property "title" on array', 'C:\\xampp\\htdocs\\ci-blog\\app\\Controllers\\Posts\\PostsController.php', 49)
 2 SYSTEMPATH\CodeIgniter.php(915): App\Controllers\Posts\PostsController->singlePost('2')
 3 SYSTEMPATH\CodeIgniter.php(492): CodeIgniter\CodeIgniter->runController(Object(App\Controllers\Posts\PostsController))
 4 SYSTEMPATH\CodeIgniter.php(353): CodeIgniter\CodeIgniter->handleRequest(null, Object(Config\Cache), false)
 5 FCPATH\index.php(79): CodeIgniter\CodeIgniter->run()
INFO - 2023-09-06 09:24:39 --> Session: Class initialized using 'CodeIgniter\Session\Handlers\FileHandler' driver.
INFO - 2023-09-06 09:24:40 --> Session: Class initialized using 'CodeIgniter\Session\Handlers\FileHandler' driver.
INFO - 2023-09-06 09:24:44 --> Session: Class initialized using 'CodeIgniter\Session\Handlers\FileHandler' driver.
INFO - 2023-09-06 09:24:44 --> Session: Class initialized using 'CodeIgniter\Session\Handlers\FileHandler' driver.
CRITICAL - 2023-09-06 09:26:22 --> Call to a member function get() on array
in APPPATH\Controllers\Posts\PostsController.php on line 47.
 1 SYSTEMPATH\CodeIgniter.php(915): App\Controllers\Posts\PostsController->singlePost('2')
 2 SYSTEMPATH\CodeIgniter.php(492): CodeIgniter\CodeIgniter->runController(Object(App\Controllers\Posts\PostsController))
 3 SYSTEMPATH\CodeIgniter.php(353): CodeIgniter\CodeIgniter->handleRequest(null, Object(Config\Cache), false)
 4 FCPATH\index.php(79): CodeIgniter\CodeIgniter->run()
CRITICAL - 2023-09-06 09:26:58 --> Undefined variable $post
in APPPATH\Views\posts\single.php on line 5.
 1 APPPATH\Views\posts\single.php(5): CodeIgniter\Debug\Exceptions->errorHandler(2, 'Undefined variable $post', 'C:\\xampp\\htdocs\\ci-blog\\app\\Views\\posts\\single.php', 5)
 2 SYSTEMPATH\View\View.php(226): include('C:\\xampp\\htdocs\\ci-blog\\app\\Views\\posts\\single.php')
 3 SYSTEMPATH\View\View.php(229): CodeIgniter\View\View->CodeIgniter\View\{closure}()
 4 SYSTEMPATH\Common.php(1178): CodeIgniter\View\View->render('posts/single', [], true)
 5 APPPATH\Controllers\Posts\PostsController.php(64): view('posts/single', [...])
 6 SYSTEMPATH\CodeIgniter.php(915): App\Controllers\Posts\PostsController->singlePost('2')
 7 SYSTEMPATH\CodeIgniter.php(492): CodeIgniter\CodeIgniter->runController(Object(App\Controllers\Posts\PostsController))
 8 SYSTEMPATH\CodeIgniter.php(353): CodeIgniter\CodeIgniter->handleRequest(null, Object(Config\Cache), false)
 9 FCPATH\index.php(79): CodeIgniter\CodeIgniter->run()
CRITICAL - 2023-09-06 09:27:29 --> Undefined variable $post
in APPPATH\Views\posts\single.php on line 10.
 1 APPPATH\Views\posts\single.php(10): CodeIgniter\Debug\Exceptions->errorHandler(2, 'Undefined variable $post', 'C:\\xampp\\htdocs\\ci-blog\\app\\Views\\posts\\single.php', 10)
 2 SYSTEMPATH\View\View.php(226): include('C:\\xampp\\htdocs\\ci-blog\\app\\Views\\posts\\single.php')
 3 SYSTEMPATH\View\View.php(229): CodeIgniter\View\View->CodeIgniter\View\{closure}()
 4 SYSTEMPATH\Common.php(1178): CodeIgniter\View\View->render('posts/single', [], true)
 5 APPPATH\Controllers\Posts\PostsController.php(64): view('posts/single', [...])
 6 SYSTEMPATH\CodeIgniter.php(915): App\Controllers\Posts\PostsController->singlePost('2')
 7 SYSTEMPATH\CodeIgniter.php(492): CodeIgniter\CodeIgniter->runController(Object(App\Controllers\Posts\PostsController))
 8 SYSTEMPATH\CodeIgniter.php(353): CodeIgniter\CodeIgniter->handleRequest(null, Object(Config\Cache), false)
 9 FCPATH\index.php(79): CodeIgniter\CodeIgniter->run()
CRITICAL - 2023-09-06 09:28:06 --> Undefined variable $post
in APPPATH\Views\posts\single.php on line 5.
 1 APPPATH\Views\posts\single.php(5): CodeIgniter\Debug\Exceptions->errorHandler(2, 'Undefined variable $post', 'C:\\xampp\\htdocs\\ci-blog\\app\\Views\\posts\\single.php', 5)
 2 SYSTEMPATH\View\View.php(226): include('C:\\xampp\\htdocs\\ci-blog\\app\\Views\\posts\\single.php')
 3 SYSTEMPATH\View\View.php(229): CodeIgniter\View\View->CodeIgniter\View\{closure}()
 4 SYSTEMPATH\Common.php(1178): CodeIgniter\View\View->render('posts/single', [...], true)
 5 APPPATH\Controllers\Posts\PostsController.php(64): view('posts/single', [...], [...])
 6 SYSTEMPATH\CodeIgniter.php(915): App\Controllers\Posts\PostsController->singlePost('2')
 7 SYSTEMPATH\CodeIgniter.php(492): CodeIgniter\CodeIgniter->runController(Object(App\Controllers\Posts\PostsController))
 8 SYSTEMPATH\CodeIgniter.php(353): CodeIgniter\CodeIgniter->handleRequest(null, Object(Config\Cache), false)
 9 FCPATH\index.php(79): CodeIgniter\CodeIgniter->run()
CRITICAL - 2023-09-06 09:28:48 --> Undefined variable $post
in APPPATH\Views\posts\single.php on line 5.
 1 APPPATH\Views\posts\single.php(5): CodeIgniter\Debug\Exceptions->errorHandler(2, 'Undefined variable $post', 'C:\\xampp\\htdocs\\ci-blog\\app\\Views\\posts\\single.php', 5)
 2 SYSTEMPATH\View\View.php(226): include('C:\\xampp\\htdocs\\ci-blog\\app\\Views\\posts\\single.php')
 3 SYSTEMPATH\View\View.php(229): CodeIgniter\View\View->CodeIgniter\View\{closure}()
 4 SYSTEMPATH\Common.php(1178): CodeIgniter\View\View->render('posts/single', [], true)
 5 APPPATH\Controllers\Posts\PostsController.php(64): view('posts/single', [...])
 6 SYSTEMPATH\CodeIgniter.php(915): App\Controllers\Posts\PostsController->singlePost('2')
 7 SYSTEMPATH\CodeIgniter.php(492): CodeIgniter\CodeIgniter->runController(Object(App\Controllers\Posts\PostsController))
 8 SYSTEMPATH\CodeIgniter.php(353): CodeIgniter\CodeIgniter->handleRequest(null, Object(Config\Cache), false)
 9 FCPATH\index.php(79): CodeIgniter\CodeIgniter->run()
INFO - 2023-09-06 09:29:19 --> Session: Class initialized using 'CodeIgniter\Session\Handlers\FileHandler' driver.
INFO - 2023-09-06 09:29:21 --> Session: Class initialized using 'CodeIgniter\Session\Handlers\FileHandler' driver.
INFO - 2023-09-06 09:30:12 --> Session: Class initialized using 'CodeIgniter\Session\Handlers\FileHandler' driver.
INFO - 2023-09-06 09:30:14 --> Session: Class initialized using 'CodeIgniter\Session\Handlers\FileHandler' driver.
INFO - 2023-09-06 09:30:53 --> Session: Class initialized using 'CodeIgniter\Session\Handlers\FileHandler' driver.
INFO - 2023-09-06 09:30:55 --> Session: Class initialized using 'CodeIgniter\Session\Handlers\FileHandler' driver.
INFO - 2023-09-06 09:31:20 --> Session: Class initialized using 'CodeIgniter\Session\Handlers\FileHandler' driver.
INFO - 2023-09-06 09:31:23 --> Session: Class initialized using 'CodeIgniter\Session\Handlers\FileHandler' driver.
ERROR - 2023-09-06 09:41:16 --> mysqli_sql_exception: Unknown column 'post_id' in 'where clause' in C:\xampp\htdocs\ci-blog\system\Database\MySQLi\Connection.php:306
Stack trace:
#0 C:\xampp\htdocs\ci-blog\system\Database\MySQLi\Connection.php(306): mysqli->query('SELECT *\nFROM `...', 0)
#1 C:\xampp\htdocs\ci-blog\system\Database\BaseConnection.php(692): CodeIgniter\Database\MySQLi\Connection->execute('SELECT *\nFROM `...')
#2 C:\xampp\htdocs\ci-blog\system\Database\BaseConnection.php(606): CodeIgniter\Database\BaseConnection->simpleQuery('SELECT *\nFROM `...')
#3 C:\xampp\htdocs\ci-blog\system\Database\BaseBuilder.php(1616): CodeIgniter\Database\BaseConnection->query('SELECT *\nFROM `...', Array, false)
#4 C:\xampp\htdocs\ci-blog\system\Model.php(871): CodeIgniter\Database\BaseBuilder->get()
#5 C:\xampp\htdocs\ci-blog\app\Controllers\Posts\PostsController.php(63): CodeIgniter\Model->__call('get', Array)
#6 C:\xampp\htdocs\ci-blog\system\CodeIgniter.php(915): App\Controllers\Posts\PostsController->singlePost('2')
#7 C:\xampp\htdocs\ci-blog\system\CodeIgniter.php(492): CodeIgniter\CodeIgniter->runController(Object(App\Controllers\Posts\PostsController))
#8 C:\xampp\htdocs\ci-blog\system\CodeIgniter.php(353): CodeIgniter\CodeIgniter->handleRequest(NULL, Object(Config\Cache), false)
#9 C:\xampp\htdocs\ci-blog\index.php(79): CodeIgniter\CodeIgniter->run()
#10 {main}
CRITICAL - 2023-09-06 09:41:16 --> Unknown column 'post_id' in 'where clause'
in SYSTEMPATH\Database\BaseConnection.php on line 646.
 1 SYSTEMPATH\Database\BaseBuilder.php(1616): CodeIgniter\Database\BaseConnection->query('SELECT *
FROM `posts`
WHERE `post_id` = :post_id:
ORDER BY `id` DESC', [...], false)
 2 SYSTEMPATH\Model.php(871): CodeIgniter\Database\BaseBuilder->get()
 3 APPPATH\Controllers\Posts\PostsController.php(63): CodeIgniter\Model->__call('get', [])
 4 SYSTEMPATH\CodeIgniter.php(915): App\Controllers\Posts\PostsController->singlePost('2')
 5 SYSTEMPATH\CodeIgniter.php(492): CodeIgniter\CodeIgniter->runController(Object(App\Controllers\Posts\PostsController))
 6 SYSTEMPATH\CodeIgniter.php(353): CodeIgniter\CodeIgniter->handleRequest(null, Object(Config\Cache), false)
 7 FCPATH\index.php(79): CodeIgniter\CodeIgniter->run()
INFO - 2023-09-06 09:42:31 --> Session: Class initialized using 'CodeIgniter\Session\Handlers\FileHandler' driver.
INFO - 2023-09-06 09:42:33 --> Session: Class initialized using 'CodeIgniter\Session\Handlers\FileHandler' driver.
INFO - 2023-09-06 09:42:45 --> Session: Class initialized using 'CodeIgniter\Session\Handlers\FileHandler' driver.
INFO - 2023-09-06 09:42:48 --> Session: Class initialized using 'CodeIgniter\Session\Handlers\FileHandler' driver.
INFO - 2023-09-06 09:44:32 --> Session: Class initialized using 'CodeIgniter\Session\Handlers\FileHandler' driver.
INFO - 2023-09-06 09:44:35 --> Session: Class initialized using 'CodeIgniter\Session\Handlers\FileHandler' driver.
INFO - 2023-09-06 09:44:48 --> Session: Class initialized using 'CodeIgniter\Session\Handlers\FileHandler' driver.
INFO - 2023-09-06 09:44:50 --> Session: Class initialized using 'CodeIgniter\Session\Handlers\FileHandler' driver.
INFO - 2023-09-06 09:45:18 --> Session: Class initialized using 'CodeIgniter\Session\Handlers\FileHandler' driver.
INFO - 2023-09-06 09:45:20 --> Session: Class initialized using 'CodeIgniter\Session\Handlers\FileHandler' driver.
INFO - 2023-09-06 09:45:25 --> Session: Class initialized using 'CodeIgniter\Session\Handlers\FileHandler' driver.
INFO - 2023-09-06 09:45:26 --> Session: Class initialized using 'CodeIgniter\Session\Handlers\FileHandler' driver.
CRITICAL - 2023-09-06 09:47:00 --> Undefined variable $comment
in APPPATH\Views\posts\single.php on line 46.
 1 APPPATH\Views\posts\single.php(46): CodeIgniter\Debug\Exceptions->errorHandler(2, 'Undefined variable $comment', 'C:\\xampp\\htdocs\\ci-blog\\app\\Views\\posts\\single.php', 46)
 2 SYSTEMPATH\View\View.php(226): include('C:\\xampp\\htdocs\\ci-blog\\app\\Views\\posts\\single.php')
 3 SYSTEMPATH\View\View.php(229): CodeIgniter\View\View->CodeIgniter\View\{closure}()
 4 SYSTEMPATH\Common.php(1178): CodeIgniter\View\View->render('posts/single', [], true)
 5 APPPATH\Controllers\Posts\PostsController.php(69): view('posts/single', [...])
 6 SYSTEMPATH\CodeIgniter.php(915): App\Controllers\Posts\PostsController->singlePost('1')
 7 SYSTEMPATH\CodeIgniter.php(492): CodeIgniter\CodeIgniter->runController(Object(App\Controllers\Posts\PostsController))
 8 SYSTEMPATH\CodeIgniter.php(353): CodeIgniter\CodeIgniter->handleRequest(null, Object(Config\Cache), false)
 9 FCPATH\index.php(79): CodeIgniter\CodeIgniter->run()
CRITICAL - 2023-09-06 09:47:12 --> Call to a member function count() on array
in APPPATH\Views\posts\single.php on line 46.
 1 SYSTEMPATH\View\View.php(226): include()
 2 SYSTEMPATH\View\View.php(229): CodeIgniter\View\View->CodeIgniter\View\{closure}()
 3 SYSTEMPATH\Common.php(1178): CodeIgniter\View\View->render('posts/single', [], true)
 4 APPPATH\Controllers\Posts\PostsController.php(69): view('posts/single', [...])
 5 SYSTEMPATH\CodeIgniter.php(915): App\Controllers\Posts\PostsController->singlePost('1')
 6 SYSTEMPATH\CodeIgniter.php(492): CodeIgniter\CodeIgniter->runController(Object(App\Controllers\Posts\PostsController))
 7 SYSTEMPATH\CodeIgniter.php(353): CodeIgniter\CodeIgniter->handleRequest(null, Object(Config\Cache), false)
 8 FCPATH\index.php(79): CodeIgniter\CodeIgniter->run()
INFO - 2023-09-06 09:49:07 --> Session: Class initialized using 'CodeIgniter\Session\Handlers\FileHandler' driver.
INFO - 2023-09-06 09:49:10 --> Session: Class initialized using 'CodeIgniter\Session\Handlers\FileHandler' driver.
INFO - 2023-09-06 09:49:22 --> Session: Class initialized using 'CodeIgniter\Session\Handlers\FileHandler' driver.
INFO - 2023-09-06 09:49:23 --> Session: Class initialized using 'CodeIgniter\Session\Handlers\FileHandler' driver.
INFO - 2023-09-06 09:49:29 --> Session: Class initialized using 'CodeIgniter\Session\Handlers\FileHandler' driver.
INFO - 2023-09-06 09:49:31 --> Session: Class initialized using 'CodeIgniter\Session\Handlers\FileHandler' driver.
INFO - 2023-09-06 09:49:34 --> Session: Class initialized using 'CodeIgniter\Session\Handlers\FileHandler' driver.
INFO - 2023-09-06 09:49:34 --> Session: Class initialized using 'CodeIgniter\Session\Handlers\FileHandler' driver.
INFO - 2023-09-06 09:49:36 --> Session: Class initialized using 'CodeIgniter\Session\Handlers\FileHandler' driver.
INFO - 2023-09-06 09:49:38 --> Session: Class initialized using 'CodeIgniter\Session\Handlers\FileHandler' driver.
INFO - 2023-09-06 09:50:11 --> Session: Class initialized using 'CodeIgniter\Session\Handlers\FileHandler' driver.
INFO - 2023-09-06 09:50:14 --> Session: Class initialized using 'CodeIgniter\Session\Handlers\FileHandler' driver.
INFO - 2023-09-06 09:50:19 --> Session: Class initialized using 'CodeIgniter\Session\Handlers\FileHandler' driver.
INFO - 2023-09-06 09:50:21 --> Session: Class initialized using 'CodeIgniter\Session\Handlers\FileHandler' driver.
INFO - 2023-09-06 09:50:25 --> Session: Class initialized using 'CodeIgniter\Session\Handlers\FileHandler' driver.
INFO - 2023-09-06 09:50:27 --> Session: Class initialized using 'CodeIgniter\Session\Handlers\FileHandler' driver.
INFO - 2023-09-06 09:52:48 --> Session: Class initialized using 'CodeIgniter\Session\Handlers\FileHandler' driver.
INFO - 2023-09-06 09:52:50 --> Session: Class initialized using 'CodeIgniter\Session\Handlers\FileHandler' driver.
INFO - 2023-09-06 09:52:57 --> Session: Class initialized using 'CodeIgniter\Session\Handlers\FileHandler' driver.
INFO - 2023-09-06 09:52:58 --> Session: Class initialized using 'CodeIgniter\Session\Handlers\FileHandler' driver.
INFO - 2023-09-06 10:51:09 --> Session: Class initialized using 'CodeIgniter\Session\Handlers\FileHandler' driver.
INFO - 2023-09-06 10:51:26 --> Session: Class initialized using 'CodeIgniter\Session\Handlers\FileHandler' driver.
INFO - 2023-09-06 10:51:33 --> Session: Class initialized using 'CodeIgniter\Session\Handlers\FileHandler' driver.
INFO - 2023-09-06 10:51:35 --> Session: Class initialized using 'CodeIgniter\Session\Handlers\FileHandler' driver.
INFO - 2023-09-06 10:56:02 --> Session: Class initialized using 'CodeIgniter\Session\Handlers\FileHandler' driver.
INFO - 2023-09-06 10:56:03 --> Session: Class initialized using 'CodeIgniter\Session\Handlers\FileHandler' driver.
INFO - 2023-09-06 10:56:23 --> Session: Class initialized using 'CodeIgniter\Session\Handlers\FileHandler' driver.
INFO - 2023-09-06 10:56:24 --> Session: Class initialized using 'CodeIgniter\Session\Handlers\FileHandler' driver.
CRITICAL - 2023-09-06 10:57:21 --> Call to undefined method App\Models\Post\Post::getResult
in SYSTEMPATH\Model.php on line 873.
 1 APPPATH\Controllers\Posts\PostsController.php(70): CodeIgniter\Model->__call('getResult', [])
 2 SYSTEMPATH\CodeIgniter.php(915): App\Controllers\Posts\PostsController->singlePost('1')
 3 SYSTEMPATH\CodeIgniter.php(492): CodeIgniter\CodeIgniter->runController(Object(App\Controllers\Posts\PostsController))
 4 SYSTEMPATH\CodeIgniter.php(353): CodeIgniter\CodeIgniter->handleRequest(null, Object(Config\Cache), false)
 5 FCPATH\index.php(79): CodeIgniter\CodeIgniter->run()
INFO - 2023-09-06 10:57:34 --> Session: Class initialized using 'CodeIgniter\Session\Handlers\FileHandler' driver.
INFO - 2023-09-06 10:57:35 --> Session: Class initialized using 'CodeIgniter\Session\Handlers\FileHandler' driver.
INFO - 2023-09-06 10:58:24 --> Session: Class initialized using 'CodeIgniter\Session\Handlers\FileHandler' driver.
INFO - 2023-09-06 10:58:26 --> Session: Class initialized using 'CodeIgniter\Session\Handlers\FileHandler' driver.
CRITICAL - 2023-09-06 11:03:33 --> Array to string conversion
in APPPATH\Views\posts\single.php on line 44.
 1 APPPATH\Views\posts\single.php(44): CodeIgniter\Debug\Exceptions->errorHandler(2, 'Array to string conversion', 'C:\\xampp\\htdocs\\ci-blog\\app\\Views\\posts\\single.php', 44)
 2 SYSTEMPATH\View\View.php(226): include('C:\\xampp\\htdocs\\ci-blog\\app\\Views\\posts\\single.php')
 3 SYSTEMPATH\View\View.php(229): CodeIgniter\View\View->CodeIgniter\View\{closure}()
 4 SYSTEMPATH\Common.php(1178): CodeIgniter\View\View->render('posts/single', [], true)
 5 APPPATH\Controllers\Posts\PostsController.php(77): view('posts/single', [...])
 6 SYSTEMPATH\CodeIgniter.php(915): App\Controllers\Posts\PostsController->singlePost('1')
 7 SYSTEMPATH\CodeIgniter.php(492): CodeIgniter\CodeIgniter->runController(Object(App\Controllers\Posts\PostsController))
 8 SYSTEMPATH\CodeIgniter.php(353): CodeIgniter\CodeIgniter->handleRequest(null, Object(Config\Cache), false)
 9 FCPATH\index.php(79): CodeIgniter\CodeIgniter->run()
CRITICAL - 2023-09-06 11:04:19 --> Call to undefined method CodeIgniter\Database\MySQLi\Result::get()
in APPPATH\Controllers\Posts\PostsController.php on line 71.
 1 SYSTEMPATH\CodeIgniter.php(915): App\Controllers\Posts\PostsController->singlePost('1')
 2 SYSTEMPATH\CodeIgniter.php(492): CodeIgniter\CodeIgniter->runController(Object(App\Controllers\Posts\PostsController))
 3 SYSTEMPATH\CodeIgniter.php(353): CodeIgniter\CodeIgniter->handleRequest(null, Object(Config\Cache), false)
 4 FCPATH\index.php(79): CodeIgniter\CodeIgniter->run()
INFO - 2023-09-06 11:04:47 --> Session: Class initialized using 'CodeIgniter\Session\Handlers\FileHandler' driver.
INFO - 2023-09-06 11:04:47 --> Session: Class initialized using 'CodeIgniter\Session\Handlers\FileHandler' driver.
INFO - 2023-09-06 11:05:26 --> Session: Class initialized using 'CodeIgniter\Session\Handlers\FileHandler' driver.
INFO - 2023-09-06 11:05:26 --> Session: Class initialized using 'CodeIgniter\Session\Handlers\FileHandler' driver.
INFO - 2023-09-06 11:05:48 --> Session: Class initialized using 'CodeIgniter\Session\Handlers\FileHandler' driver.
INFO - 2023-09-06 11:05:49 --> Session: Class initialized using 'CodeIgniter\Session\Handlers\FileHandler' driver.
CRITICAL - 2023-09-06 11:06:10 --> Undefined array key "count_comments"
in APPPATH\Views\posts\single.php on line 44.
 1 APPPATH\Views\posts\single.php(44): CodeIgniter\Debug\Exceptions->errorHandler(2, 'Undefined array key "count_comments"', 'C:\\xampp\\htdocs\\ci-blog\\app\\Views\\posts\\single.php', 44)
 2 SYSTEMPATH\View\View.php(226): include('C:\\xampp\\htdocs\\ci-blog\\app\\Views\\posts\\single.php')
 3 SYSTEMPATH\View\View.php(229): CodeIgniter\View\View->CodeIgniter\View\{closure}()
 4 SYSTEMPATH\Common.php(1178): CodeIgniter\View\View->render('posts/single', [], true)
 5 APPPATH\Controllers\Posts\PostsController.php(77): view('posts/single', [...])
 6 SYSTEMPATH\CodeIgniter.php(915): App\Controllers\Posts\PostsController->singlePost('1')
 7 SYSTEMPATH\CodeIgniter.php(492): CodeIgniter\CodeIgniter->runController(Object(App\Controllers\Posts\PostsController))
 8 SYSTEMPATH\CodeIgniter.php(353): CodeIgniter\CodeIgniter->handleRequest(null, Object(Config\Cache), false)
 9 FCPATH\index.php(79): CodeIgniter\CodeIgniter->run()
CRITICAL - 2023-09-06 11:06:24 --> Attempt to read property "count_comments" on array
in APPPATH\Views\posts\single.php on line 44.
 1 APPPATH\Views\posts\single.php(44): CodeIgniter\Debug\Exceptions->errorHandler(2, 'Attempt to read property "count_comments" on array', 'C:\\xampp\\htdocs\\ci-blog\\app\\Views\\posts\\single.php', 44)
 2 SYSTEMPATH\View\View.php(226): include('C:\\xampp\\htdocs\\ci-blog\\app\\Views\\posts\\single.php')
 3 SYSTEMPATH\View\View.php(229): CodeIgniter\View\View->CodeIgniter\View\{closure}()
 4 SYSTEMPATH\Common.php(1178): CodeIgniter\View\View->render('posts/single', [], true)
 5 APPPATH\Controllers\Posts\PostsController.php(77): view('posts/single', [...])
 6 SYSTEMPATH\CodeIgniter.php(915): App\Controllers\Posts\PostsController->singlePost('1')
 7 SYSTEMPATH\CodeIgniter.php(492): CodeIgniter\CodeIgniter->runController(Object(App\Controllers\Posts\PostsController))
 8 SYSTEMPATH\CodeIgniter.php(353): CodeIgniter\CodeIgniter->handleRequest(null, Object(Config\Cache), false)
 9 FCPATH\index.php(79): CodeIgniter\CodeIgniter->run()
CRITICAL - 2023-09-06 11:06:34 --> Array to string conversion
in APPPATH\Views\posts\single.php on line 44.
 1 APPPATH\Views\posts\single.php(44): CodeIgniter\Debug\Exceptions->errorHandler(2, 'Array to string conversion', 'C:\\xampp\\htdocs\\ci-blog\\app\\Views\\posts\\single.php', 44)
 2 SYSTEMPATH\View\View.php(226): include('C:\\xampp\\htdocs\\ci-blog\\app\\Views\\posts\\single.php')
 3 SYSTEMPATH\View\View.php(229): CodeIgniter\View\View->CodeIgniter\View\{closure}()
 4 SYSTEMPATH\Common.php(1178): CodeIgniter\View\View->render('posts/single', [], true)
 5 APPPATH\Controllers\Posts\PostsController.php(77): view('posts/single', [...])
 6 SYSTEMPATH\CodeIgniter.php(915): App\Controllers\Posts\PostsController->singlePost('1')
 7 SYSTEMPATH\CodeIgniter.php(492): CodeIgniter\CodeIgniter->runController(Object(App\Controllers\Posts\PostsController))
 8 SYSTEMPATH\CodeIgniter.php(353): CodeIgniter\CodeIgniter->handleRequest(null, Object(Config\Cache), false)
 9 FCPATH\index.php(79): CodeIgniter\CodeIgniter->run()
CRITICAL - 2023-09-06 11:07:38 --> Call to undefined method CodeIgniter\Database\MySQLi\Result::first()
in APPPATH\Controllers\Posts\PostsController.php on line 71.
 1 SYSTEMPATH\CodeIgniter.php(915): App\Controllers\Posts\PostsController->singlePost('1')
 2 SYSTEMPATH\CodeIgniter.php(492): CodeIgniter\CodeIgniter->runController(Object(App\Controllers\Posts\PostsController))
 3 SYSTEMPATH\CodeIgniter.php(353): CodeIgniter\CodeIgniter->handleRequest(null, Object(Config\Cache), false)
 4 FCPATH\index.php(79): CodeIgniter\CodeIgniter->run()
CRITICAL - 2023-09-06 11:07:49 --> Call to undefined method CodeIgniter\Database\MySQLi\Result::get()
in APPPATH\Controllers\Posts\PostsController.php on line 71.
 1 SYSTEMPATH\CodeIgniter.php(915): App\Controllers\Posts\PostsController->singlePost('1')
 2 SYSTEMPATH\CodeIgniter.php(492): CodeIgniter\CodeIgniter->runController(Object(App\Controllers\Posts\PostsController))
 3 SYSTEMPATH\CodeIgniter.php(353): CodeIgniter\CodeIgniter->handleRequest(null, Object(Config\Cache), false)
 4 FCPATH\index.php(79): CodeIgniter\CodeIgniter->run()
CRITICAL - 2023-09-06 11:08:03 --> Object of class CodeIgniter\Database\MySQLi\Result could not be converted to string
in APPPATH\Views\posts\single.php on line 44.
 1 SYSTEMPATH\View\View.php(226): include()
 2 SYSTEMPATH\View\View.php(229): CodeIgniter\View\View->CodeIgniter\View\{closure}()
 3 SYSTEMPATH\Common.php(1178): CodeIgniter\View\View->render('posts/single', [], true)
 4 APPPATH\Controllers\Posts\PostsController.php(77): view('posts/single', [...])
 5 SYSTEMPATH\CodeIgniter.php(915): App\Controllers\Posts\PostsController->singlePost('1')
 6 SYSTEMPATH\CodeIgniter.php(492): CodeIgniter\CodeIgniter->runController(Object(App\Controllers\Posts\PostsController))
 7 SYSTEMPATH\CodeIgniter.php(353): CodeIgniter\CodeIgniter->handleRequest(null, Object(Config\Cache), false)
 8 FCPATH\index.php(79): CodeIgniter\CodeIgniter->run()
CRITICAL - 2023-09-06 11:08:23 --> Undefined property: CodeIgniter\Database\MySQLi\Result::$count_comments
in APPPATH\Views\posts\single.php on line 44.
 1 APPPATH\Views\posts\single.php(44): CodeIgniter\Debug\Exceptions->errorHandler(2, 'Undefined property: CodeIgniter\\Database\\MySQLi\\Result::$count_comments', 'C:\\xampp\\htdocs\\ci-blog\\app\\Views\\posts\\single.php', 44)
 2 SYSTEMPATH\View\View.php(226): include('C:\\xampp\\htdocs\\ci-blog\\app\\Views\\posts\\single.php')
 3 SYSTEMPATH\View\View.php(229): CodeIgniter\View\View->CodeIgniter\View\{closure}()
 4 SYSTEMPATH\Common.php(1178): CodeIgniter\View\View->render('posts/single', [], true)
 5 APPPATH\Controllers\Posts\PostsController.php(77): view('posts/single', [...])
 6 SYSTEMPATH\CodeIgniter.php(915): App\Controllers\Posts\PostsController->singlePost('1')
 7 SYSTEMPATH\CodeIgniter.php(492): CodeIgniter\CodeIgniter->runController(Object(App\Controllers\Posts\PostsController))
 8 SYSTEMPATH\CodeIgniter.php(353): CodeIgniter\CodeIgniter->handleRequest(null, Object(Config\Cache), false)
 9 FCPATH\index.php(79): CodeIgniter\CodeIgniter->run()
CRITICAL - 2023-09-06 11:08:42 --> Cannot use object of type CodeIgniter\Database\MySQLi\Result as array
in APPPATH\Views\posts\single.php on line 44.
 1 SYSTEMPATH\View\View.php(226): include()
 2 SYSTEMPATH\View\View.php(229): CodeIgniter\View\View->CodeIgniter\View\{closure}()
 3 SYSTEMPATH\Common.php(1178): CodeIgniter\View\View->render('posts/single', [], true)
 4 APPPATH\Controllers\Posts\PostsController.php(77): view('posts/single', [...])
 5 SYSTEMPATH\CodeIgniter.php(915): App\Controllers\Posts\PostsController->singlePost('1')
 6 SYSTEMPATH\CodeIgniter.php(492): CodeIgniter\CodeIgniter->runController(Object(App\Controllers\Posts\PostsController))
 7 SYSTEMPATH\CodeIgniter.php(353): CodeIgniter\CodeIgniter->handleRequest(null, Object(Config\Cache), false)
 8 FCPATH\index.php(79): CodeIgniter\CodeIgniter->run()
INFO - 2023-09-06 11:09:05 --> Session: Class initialized using 'CodeIgniter\Session\Handlers\FileHandler' driver.
INFO - 2023-09-06 11:09:06 --> Session: Class initialized using 'CodeIgniter\Session\Handlers\FileHandler' driver.
CRITICAL - 2023-09-06 11:09:30 --> Call to undefined method CodeIgniter\Database\MySQLi\Result::first()
in APPPATH\Controllers\Posts\PostsController.php on line 71.
 1 SYSTEMPATH\CodeIgniter.php(915): App\Controllers\Posts\PostsController->singlePost('1')
 2 SYSTEMPATH\CodeIgniter.php(492): CodeIgniter\CodeIgniter->runController(Object(App\Controllers\Posts\PostsController))
 3 SYSTEMPATH\CodeIgniter.php(353): CodeIgniter\CodeIgniter->handleRequest(null, Object(Config\Cache), false)
 4 FCPATH\index.php(79): CodeIgniter\CodeIgniter->run()
CRITICAL - 2023-09-06 11:09:54 --> Call to undefined method CodeIgniter\Database\MySQLi\Result::get()
in APPPATH\Controllers\Posts\PostsController.php on line 71.
 1 SYSTEMPATH\CodeIgniter.php(915): App\Controllers\Posts\PostsController->singlePost('1')
 2 SYSTEMPATH\CodeIgniter.php(492): CodeIgniter\CodeIgniter->runController(Object(App\Controllers\Posts\PostsController))
 3 SYSTEMPATH\CodeIgniter.php(353): CodeIgniter\CodeIgniter->handleRequest(null, Object(Config\Cache), false)
 4 FCPATH\index.php(79): CodeIgniter\CodeIgniter->run()
INFO - 2023-09-06 11:10:05 --> Session: Class initialized using 'CodeIgniter\Session\Handlers\FileHandler' driver.
INFO - 2023-09-06 11:10:05 --> Session: Class initialized using 'CodeIgniter\Session\Handlers\FileHandler' driver.
CRITICAL - 2023-09-06 11:10:27 --> Undefined array key "count_comments"
in APPPATH\Views\posts\single.php on line 44.
 1 APPPATH\Views\posts\single.php(44): CodeIgniter\Debug\Exceptions->errorHandler(2, 'Undefined array key "count_comments"', 'C:\\xampp\\htdocs\\ci-blog\\app\\Views\\posts\\single.php', 44)
 2 SYSTEMPATH\View\View.php(226): include('C:\\xampp\\htdocs\\ci-blog\\app\\Views\\posts\\single.php')
 3 SYSTEMPATH\View\View.php(229): CodeIgniter\View\View->CodeIgniter\View\{closure}()
 4 SYSTEMPATH\Common.php(1178): CodeIgniter\View\View->render('posts/single', [], true)
 5 APPPATH\Controllers\Posts\PostsController.php(77): view('posts/single', [...])
 6 SYSTEMPATH\CodeIgniter.php(915): App\Controllers\Posts\PostsController->singlePost('1')
 7 SYSTEMPATH\CodeIgniter.php(492): CodeIgniter\CodeIgniter->runController(Object(App\Controllers\Posts\PostsController))
 8 SYSTEMPATH\CodeIgniter.php(353): CodeIgniter\CodeIgniter->handleRequest(null, Object(Config\Cache), false)
 9 FCPATH\index.php(79): CodeIgniter\CodeIgniter->run()
CRITICAL - 2023-09-06 11:10:44 --> Array to string conversion
in APPPATH\Views\posts\single.php on line 44.
 1 APPPATH\Views\posts\single.php(44): CodeIgniter\Debug\Exceptions->errorHandler(2, 'Array to string conversion', 'C:\\xampp\\htdocs\\ci-blog\\app\\Views\\posts\\single.php', 44)
 2 SYSTEMPATH\View\View.php(226): include('C:\\xampp\\htdocs\\ci-blog\\app\\Views\\posts\\single.php')
 3 SYSTEMPATH\View\View.php(229): CodeIgniter\View\View->CodeIgniter\View\{closure}()
 4 SYSTEMPATH\Common.php(1178): CodeIgniter\View\View->render('posts/single', [], true)
 5 APPPATH\Controllers\Posts\PostsController.php(77): view('posts/single', [...])
 6 SYSTEMPATH\CodeIgniter.php(915): App\Controllers\Posts\PostsController->singlePost('1')
 7 SYSTEMPATH\CodeIgniter.php(492): CodeIgniter\CodeIgniter->runController(Object(App\Controllers\Posts\PostsController))
 8 SYSTEMPATH\CodeIgniter.php(353): CodeIgniter\CodeIgniter->handleRequest(null, Object(Config\Cache), false)
 9 FCPATH\index.php(79): CodeIgniter\CodeIgniter->run()
CRITICAL - 2023-09-06 11:11:03 --> Attempt to read property "count_comments" on array
in APPPATH\Views\posts\single.php on line 44.
 1 APPPATH\Views\posts\single.php(44): CodeIgniter\Debug\Exceptions->errorHandler(2, 'Attempt to read property "count_comments" on array', 'C:\\xampp\\htdocs\\ci-blog\\app\\Views\\posts\\single.php', 44)
 2 SYSTEMPATH\View\View.php(226): include('C:\\xampp\\htdocs\\ci-blog\\app\\Views\\posts\\single.php')
 3 SYSTEMPATH\View\View.php(229): CodeIgniter\View\View->CodeIgniter\View\{closure}()
 4 SYSTEMPATH\Common.php(1178): CodeIgniter\View\View->render('posts/single', [], true)
 5 APPPATH\Controllers\Posts\PostsController.php(77): view('posts/single', [...])
 6 SYSTEMPATH\CodeIgniter.php(915): App\Controllers\Posts\PostsController->singlePost('1')
 7 SYSTEMPATH\CodeIgniter.php(492): CodeIgniter\CodeIgniter->runController(Object(App\Controllers\Posts\PostsController))
 8 SYSTEMPATH\CodeIgniter.php(353): CodeIgniter\CodeIgniter->handleRequest(null, Object(Config\Cache), false)
 9 FCPATH\index.php(79): CodeIgniter\CodeIgniter->run()
CRITICAL - 2023-09-06 11:13:59 --> Undefined array key "count_comments"
in APPPATH\Views\posts\single.php on line 44.
 1 APPPATH\Views\posts\single.php(44): CodeIgniter\Debug\Exceptions->errorHandler(2, 'Undefined array key "count_comments"', 'C:\\xampp\\htdocs\\ci-blog\\app\\Views\\posts\\single.php', 44)
 2 SYSTEMPATH\View\View.php(226): include('C:\\xampp\\htdocs\\ci-blog\\app\\Views\\posts\\single.php')
 3 SYSTEMPATH\View\View.php(229): CodeIgniter\View\View->CodeIgniter\View\{closure}()
 4 SYSTEMPATH\Common.php(1178): CodeIgniter\View\View->render('posts/single', [], true)
 5 APPPATH\Controllers\Posts\PostsController.php(77): view('posts/single', [...])
 6 SYSTEMPATH\CodeIgniter.php(915): App\Controllers\Posts\PostsController->singlePost('1')
 7 SYSTEMPATH\CodeIgniter.php(492): CodeIgniter\CodeIgniter->runController(Object(App\Controllers\Posts\PostsController))
 8 SYSTEMPATH\CodeIgniter.php(353): CodeIgniter\CodeIgniter->handleRequest(null, Object(Config\Cache), false)
 9 FCPATH\index.php(79): CodeIgniter\CodeIgniter->run()
CRITICAL - 2023-09-06 11:16:11 --> Call to undefined method CodeIgniter\Database\MySQLi\Result::count_all_results()
in APPPATH\Controllers\Posts\PostsController.php on line 71.
 1 SYSTEMPATH\CodeIgniter.php(915): App\Controllers\Posts\PostsController->singlePost('1')
 2 SYSTEMPATH\CodeIgniter.php(492): CodeIgniter\CodeIgniter->runController(Object(App\Controllers\Posts\PostsController))
 3 SYSTEMPATH\CodeIgniter.php(353): CodeIgniter\CodeIgniter->handleRequest(null, Object(Config\Cache), false)
 4 FCPATH\index.php(79): CodeIgniter\CodeIgniter->run()
CRITICAL - 2023-09-06 11:16:50 --> Call to undefined method CodeIgniter\Database\MySQLi\Result::num_rows()
in APPPATH\Controllers\Posts\PostsController.php on line 71.
 1 SYSTEMPATH\CodeIgniter.php(915): App\Controllers\Posts\PostsController->singlePost('1')
 2 SYSTEMPATH\CodeIgniter.php(492): CodeIgniter\CodeIgniter->runController(Object(App\Controllers\Posts\PostsController))
 3 SYSTEMPATH\CodeIgniter.php(353): CodeIgniter\CodeIgniter->handleRequest(null, Object(Config\Cache), false)
 4 FCPATH\index.php(79): CodeIgniter\CodeIgniter->run()
CRITICAL - 2023-09-06 11:17:34 --> Call to undefined method CodeIgniter\Database\MySQLi\Result::countAllResults()
in APPPATH\Controllers\Posts\PostsController.php on line 71.
 1 SYSTEMPATH\CodeIgniter.php(915): App\Controllers\Posts\PostsController->singlePost('1')
 2 SYSTEMPATH\CodeIgniter.php(492): CodeIgniter\CodeIgniter->runController(Object(App\Controllers\Posts\PostsController))
 3 SYSTEMPATH\CodeIgniter.php(353): CodeIgniter\CodeIgniter->handleRequest(null, Object(Config\Cache), false)
 4 FCPATH\index.php(79): CodeIgniter\CodeIgniter->run()
CRITICAL - 2023-09-06 11:19:14 --> Call to undefined method CodeIgniter\Database\MySQLi\Result::countAll()
in APPPATH\Controllers\Posts\PostsController.php on line 71.
 1 SYSTEMPATH\CodeIgniter.php(915): App\Controllers\Posts\PostsController->singlePost('1')
 2 SYSTEMPATH\CodeIgniter.php(492): CodeIgniter\CodeIgniter->runController(Object(App\Controllers\Posts\PostsController))
 3 SYSTEMPATH\CodeIgniter.php(353): CodeIgniter\CodeIgniter->handleRequest(null, Object(Config\Cache), false)
 4 FCPATH\index.php(79): CodeIgniter\CodeIgniter->run()
CRITICAL - 2023-09-06 11:19:43 --> Cannot use object of type CodeIgniter\Database\MySQLi\Result as array
in APPPATH\Views\posts\single.php on line 44.
 1 SYSTEMPATH\View\View.php(226): include()
 2 SYSTEMPATH\View\View.php(229): CodeIgniter\View\View->CodeIgniter\View\{closure}()
 3 SYSTEMPATH\Common.php(1178): CodeIgniter\View\View->render('posts/single', [], true)
 4 APPPATH\Controllers\Posts\PostsController.php(76): view('posts/single', [...])
 5 SYSTEMPATH\CodeIgniter.php(915): App\Controllers\Posts\PostsController->singlePost('1')
 6 SYSTEMPATH\CodeIgniter.php(492): CodeIgniter\CodeIgniter->runController(Object(App\Controllers\Posts\PostsController))
 7 SYSTEMPATH\CodeIgniter.php(353): CodeIgniter\CodeIgniter->handleRequest(null, Object(Config\Cache), false)
 8 FCPATH\index.php(79): CodeIgniter\CodeIgniter->run()
INFO - 2023-09-06 11:19:54 --> Session: Class initialized using 'CodeIgniter\Session\Handlers\FileHandler' driver.
INFO - 2023-09-06 11:19:56 --> Session: Class initialized using 'CodeIgniter\Session\Handlers\FileHandler' driver.
CRITICAL - 2023-09-06 11:20:38 --> Call to undefined method CodeIgniter\Database\MySQLi\Result::countAll()
in APPPATH\Controllers\Posts\PostsController.php on line 71.
 1 SYSTEMPATH\CodeIgniter.php(915): App\Controllers\Posts\PostsController->singlePost('1')
 2 SYSTEMPATH\CodeIgniter.php(492): CodeIgniter\CodeIgniter->runController(Object(App\Controllers\Posts\PostsController))
 3 SYSTEMPATH\CodeIgniter.php(353): CodeIgniter\CodeIgniter->handleRequest(null, Object(Config\Cache), false)
 4 FCPATH\index.php(79): CodeIgniter\CodeIgniter->run()
CRITICAL - 2023-09-06 11:22:17 --> Call to undefined method CodeIgniter\Database\MySQLi\Result::num_rows()
in APPPATH\Controllers\Posts\PostsController.php on line 71.
 1 SYSTEMPATH\CodeIgniter.php(915): App\Controllers\Posts\PostsController->singlePost('1')
 2 SYSTEMPATH\CodeIgniter.php(492): CodeIgniter\CodeIgniter->runController(Object(App\Controllers\Posts\PostsController))
 3 SYSTEMPATH\CodeIgniter.php(353): CodeIgniter\CodeIgniter->handleRequest(null, Object(Config\Cache), false)
 4 FCPATH\index.php(79): CodeIgniter\CodeIgniter->run()
CRITICAL - 2023-09-06 11:23:02 --> Call to undefined method CodeIgniter\Database\MySQLi\Result::num_rows()
in APPPATH\Controllers\Posts\PostsController.php on line 72.
 1 SYSTEMPATH\CodeIgniter.php(915): App\Controllers\Posts\PostsController->singlePost('1')
 2 SYSTEMPATH\CodeIgniter.php(492): CodeIgniter\CodeIgniter->runController(Object(App\Controllers\Posts\PostsController))
 3 SYSTEMPATH\CodeIgniter.php(353): CodeIgniter\CodeIgniter->handleRequest(null, Object(Config\Cache), false)
 4 FCPATH\index.php(79): CodeIgniter\CodeIgniter->run()
CRITICAL - 2023-09-06 11:24:00 --> Call to undefined method CodeIgniter\Database\MySQLi\Result::num_rows()
in APPPATH\Controllers\Posts\PostsController.php on line 72.
 1 SYSTEMPATH\CodeIgniter.php(915): App\Controllers\Posts\PostsController->singlePost('1')
 2 SYSTEMPATH\CodeIgniter.php(492): CodeIgniter\CodeIgniter->runController(Object(App\Controllers\Posts\PostsController))
 3 SYSTEMPATH\CodeIgniter.php(353): CodeIgniter\CodeIgniter->handleRequest(null, Object(Config\Cache), false)
 4 FCPATH\index.php(79): CodeIgniter\CodeIgniter->run()
CRITICAL - 2023-09-06 11:25:06 --> Call to undefined method CodeIgniter\Database\MySQLi\Connection::where()
in APPPATH\Controllers\Posts\PostsController.php on line 70.
 1 SYSTEMPATH\CodeIgniter.php(915): App\Controllers\Posts\PostsController->singlePost('1')
 2 SYSTEMPATH\CodeIgniter.php(492): CodeIgniter\CodeIgniter->runController(Object(App\Controllers\Posts\PostsController))
 3 SYSTEMPATH\CodeIgniter.php(353): CodeIgniter\CodeIgniter->handleRequest(null, Object(Config\Cache), false)
 4 FCPATH\index.php(79): CodeIgniter\CodeIgniter->run()
CRITICAL - 2023-09-06 11:25:47 --> Call to undefined method CodeIgniter\Database\MySQLi\Connection::where()
in APPPATH\Controllers\Posts\PostsController.php on line 70.
 1 SYSTEMPATH\CodeIgniter.php(915): App\Controllers\Posts\PostsController->singlePost('1')
 2 SYSTEMPATH\CodeIgniter.php(492): CodeIgniter\CodeIgniter->runController(Object(App\Controllers\Posts\PostsController))
 3 SYSTEMPATH\CodeIgniter.php(353): CodeIgniter\CodeIgniter->handleRequest(null, Object(Config\Cache), false)
 4 FCPATH\index.php(79): CodeIgniter\CodeIgniter->run()
CRITICAL - 2023-09-06 11:26:06 --> Call to undefined method CodeIgniter\Database\MySQLi\Connection::where()
in APPPATH\Controllers\Posts\PostsController.php on line 70.
 1 SYSTEMPATH\CodeIgniter.php(915): App\Controllers\Posts\PostsController->singlePost('1')
 2 SYSTEMPATH\CodeIgniter.php(492): CodeIgniter\CodeIgniter->runController(Object(App\Controllers\Posts\PostsController))
 3 SYSTEMPATH\CodeIgniter.php(353): CodeIgniter\CodeIgniter->handleRequest(null, Object(Config\Cache), false)
 4 FCPATH\index.php(79): CodeIgniter\CodeIgniter->run()
CRITICAL - 2023-09-06 11:26:49 --> Call to undefined method CodeIgniter\Database\MySQLi\Connection::get()
in APPPATH\Controllers\Posts\PostsController.php on line 70.
 1 SYSTEMPATH\CodeIgniter.php(915): App\Controllers\Posts\PostsController->singlePost('1')
 2 SYSTEMPATH\CodeIgniter.php(492): CodeIgniter\CodeIgniter->runController(Object(App\Controllers\Posts\PostsController))
 3 SYSTEMPATH\CodeIgniter.php(353): CodeIgniter\CodeIgniter->handleRequest(null, Object(Config\Cache), false)
 4 FCPATH\index.php(79): CodeIgniter\CodeIgniter->run()
CRITICAL - 2023-09-06 11:26:57 --> Call to undefined method CodeIgniter\Database\MySQLi\Connection::get()
in APPPATH\Controllers\Posts\PostsController.php on line 70.
 1 SYSTEMPATH\CodeIgniter.php(915): App\Controllers\Posts\PostsController->singlePost('1')
 2 SYSTEMPATH\CodeIgniter.php(492): CodeIgniter\CodeIgniter->runController(Object(App\Controllers\Posts\PostsController))
 3 SYSTEMPATH\CodeIgniter.php(353): CodeIgniter\CodeIgniter->handleRequest(null, Object(Config\Cache), false)
 4 FCPATH\index.php(79): CodeIgniter\CodeIgniter->run()
INFO - 2023-09-06 11:27:51 --> Session: Class initialized using 'CodeIgniter\Session\Handlers\FileHandler' driver.
INFO - 2023-09-06 11:27:52 --> Session: Class initialized using 'CodeIgniter\Session\Handlers\FileHandler' driver.
CRITICAL - 2023-09-06 11:28:07 --> Undefined array key "count_comments"
in APPPATH\Views\posts\single.php on line 44.
 1 APPPATH\Views\posts\single.php(44): CodeIgniter\Debug\Exceptions->errorHandler(2, 'Undefined array key "count_comments"', 'C:\\xampp\\htdocs\\ci-blog\\app\\Views\\posts\\single.php', 44)
 2 SYSTEMPATH\View\View.php(226): include('C:\\xampp\\htdocs\\ci-blog\\app\\Views\\posts\\single.php')
 3 SYSTEMPATH\View\View.php(229): CodeIgniter\View\View->CodeIgniter\View\{closure}()
 4 SYSTEMPATH\Common.php(1178): CodeIgniter\View\View->render('posts/single', [], true)
 5 APPPATH\Controllers\Posts\PostsController.php(77): view('posts/single', [...])
 6 SYSTEMPATH\CodeIgniter.php(915): App\Controllers\Posts\PostsController->singlePost('1')
 7 SYSTEMPATH\CodeIgniter.php(492): CodeIgniter\CodeIgniter->runController(Object(App\Controllers\Posts\PostsController))
 8 SYSTEMPATH\CodeIgniter.php(353): CodeIgniter\CodeIgniter->handleRequest(null, Object(Config\Cache), false)
 9 FCPATH\index.php(79): CodeIgniter\CodeIgniter->run()
CRITICAL - 2023-09-06 11:28:28 --> Call to a member function count() on array
in APPPATH\Views\posts\single.php on line 44.
 1 SYSTEMPATH\View\View.php(226): include()
 2 SYSTEMPATH\View\View.php(229): CodeIgniter\View\View->CodeIgniter\View\{closure}()
 3 SYSTEMPATH\Common.php(1178): CodeIgniter\View\View->render('posts/single', [], true)
 4 APPPATH\Controllers\Posts\PostsController.php(77): view('posts/single', [...])
 5 SYSTEMPATH\CodeIgniter.php(915): App\Controllers\Posts\PostsController->singlePost('1')
 6 SYSTEMPATH\CodeIgniter.php(492): CodeIgniter\CodeIgniter->runController(Object(App\Controllers\Posts\PostsController))
 7 SYSTEMPATH\CodeIgniter.php(353): CodeIgniter\CodeIgniter->handleRequest(null, Object(Config\Cache), false)
 8 FCPATH\index.php(79): CodeIgniter\CodeIgniter->run()
CRITICAL - 2023-09-06 11:29:01 --> Call to a member function count() on array
in APPPATH\Views\posts\single.php on line 44.
 1 SYSTEMPATH\View\View.php(226): include()
 2 SYSTEMPATH\View\View.php(229): CodeIgniter\View\View->CodeIgniter\View\{closure}()
 3 SYSTEMPATH\Common.php(1178): CodeIgniter\View\View->render('posts/single', [], true)
 4 APPPATH\Controllers\Posts\PostsController.php(77): view('posts/single', [...])
 5 SYSTEMPATH\CodeIgniter.php(915): App\Controllers\Posts\PostsController->singlePost('1')
 6 SYSTEMPATH\CodeIgniter.php(492): CodeIgniter\CodeIgniter->runController(Object(App\Controllers\Posts\PostsController))
 7 SYSTEMPATH\CodeIgniter.php(353): CodeIgniter\CodeIgniter->handleRequest(null, Object(Config\Cache), false)
 8 FCPATH\index.php(79): CodeIgniter\CodeIgniter->run()
INFO - 2023-09-06 11:29:25 --> Session: Class initialized using 'CodeIgniter\Session\Handlers\FileHandler' driver.
INFO - 2023-09-06 11:29:26 --> Session: Class initialized using 'CodeIgniter\Session\Handlers\FileHandler' driver.
INFO - 2023-09-06 11:29:42 --> Session: Class initialized using 'CodeIgniter\Session\Handlers\FileHandler' driver.
INFO - 2023-09-06 11:29:42 --> Session: Class initialized using 'CodeIgniter\Session\Handlers\FileHandler' driver.
CRITICAL - 2023-09-06 11:30:31 --> Call to a member function count() on array
in APPPATH\Views\posts\single.php on line 44.
 1 SYSTEMPATH\View\View.php(226): include()
 2 SYSTEMPATH\View\View.php(229): CodeIgniter\View\View->CodeIgniter\View\{closure}()
 3 SYSTEMPATH\Common.php(1178): CodeIgniter\View\View->render('posts/single', [], true)
 4 APPPATH\Controllers\Posts\PostsController.php(77): view('posts/single', [...])
 5 SYSTEMPATH\CodeIgniter.php(915): App\Controllers\Posts\PostsController->singlePost('1')
 6 SYSTEMPATH\CodeIgniter.php(492): CodeIgniter\CodeIgniter->runController(Object(App\Controllers\Posts\PostsController))
 7 SYSTEMPATH\CodeIgniter.php(353): CodeIgniter\CodeIgniter->handleRequest(null, Object(Config\Cache), false)
 8 FCPATH\index.php(79): CodeIgniter\CodeIgniter->run()
CRITICAL - 2023-09-06 11:31:00 --> Undefined array key "Count"
in APPPATH\Views\posts\single.php on line 44.
 1 APPPATH\Views\posts\single.php(44): CodeIgniter\Debug\Exceptions->errorHandler(2, 'Undefined array key "Count"', 'C:\\xampp\\htdocs\\ci-blog\\app\\Views\\posts\\single.php', 44)
 2 SYSTEMPATH\View\View.php(226): include('C:\\xampp\\htdocs\\ci-blog\\app\\Views\\posts\\single.php')
 3 SYSTEMPATH\View\View.php(229): CodeIgniter\View\View->CodeIgniter\View\{closure}()
 4 SYSTEMPATH\Common.php(1178): CodeIgniter\View\View->render('posts/single', [], true)
 5 APPPATH\Controllers\Posts\PostsController.php(77): view('posts/single', [...])
 6 SYSTEMPATH\CodeIgniter.php(915): App\Controllers\Posts\PostsController->singlePost('1')
 7 SYSTEMPATH\CodeIgniter.php(492): CodeIgniter\CodeIgniter->runController(Object(App\Controllers\Posts\PostsController))
 8 SYSTEMPATH\CodeIgniter.php(353): CodeIgniter\CodeIgniter->handleRequest(null, Object(Config\Cache), false)
 9 FCPATH\index.php(79): CodeIgniter\CodeIgniter->run()
CRITICAL - 2023-09-06 11:31:27 --> Array to string conversion
in APPPATH\Views\posts\single.php on line 44.
 1 APPPATH\Views\posts\single.php(44): CodeIgniter\Debug\Exceptions->errorHandler(2, 'Array to string conversion', 'C:\\xampp\\htdocs\\ci-blog\\app\\Views\\posts\\single.php', 44)
 2 SYSTEMPATH\View\View.php(226): include('C:\\xampp\\htdocs\\ci-blog\\app\\Views\\posts\\single.php')
 3 SYSTEMPATH\View\View.php(229): CodeIgniter\View\View->CodeIgniter\View\{closure}()
 4 SYSTEMPATH\Common.php(1178): CodeIgniter\View\View->render('posts/single', [], true)
 5 APPPATH\Controllers\Posts\PostsController.php(77): view('posts/single', [...])
 6 SYSTEMPATH\CodeIgniter.php(915): App\Controllers\Posts\PostsController->singlePost('1')
 7 SYSTEMPATH\CodeIgniter.php(492): CodeIgniter\CodeIgniter->runController(Object(App\Controllers\Posts\PostsController))
 8 SYSTEMPATH\CodeIgniter.php(353): CodeIgniter\CodeIgniter->handleRequest(null, Object(Config\Cache), false)
 9 FCPATH\index.php(79): CodeIgniter\CodeIgniter->run()
INFO - 2023-09-06 11:33:44 --> Session: Class initialized using 'CodeIgniter\Session\Handlers\FileHandler' driver.
INFO - 2023-09-06 11:33:46 --> Session: Class initialized using 'CodeIgniter\Session\Handlers\FileHandler' driver.
CRITICAL - 2023-09-06 11:34:14 --> Undefined property: CodeIgniter\Database\MySQLi\Result::$Count
in APPPATH\Controllers\Posts\PostsController.php on line 76.
 1 APPPATH\Controllers\Posts\PostsController.php(76): CodeIgniter\Debug\Exceptions->errorHandler(2, 'Undefined property: CodeIgniter\\Database\\MySQLi\\Result::$Count', 'C:\\xampp\\htdocs\\ci-blog\\app\\Controllers\\Posts\\PostsController.php', 76)
 2 SYSTEMPATH\CodeIgniter.php(915): App\Controllers\Posts\PostsController->singlePost('1')
 3 SYSTEMPATH\CodeIgniter.php(492): CodeIgniter\CodeIgniter->runController(Object(App\Controllers\Posts\PostsController))
 4 SYSTEMPATH\CodeIgniter.php(353): CodeIgniter\CodeIgniter->handleRequest(null, Object(Config\Cache), false)
 5 FCPATH\index.php(79): CodeIgniter\CodeIgniter->run()
CRITICAL - 2023-09-06 11:34:34 --> Cannot use object of type CodeIgniter\Database\MySQLi\Result as array
in APPPATH\Controllers\Posts\PostsController.php on line 76.
 1 SYSTEMPATH\CodeIgniter.php(915): App\Controllers\Posts\PostsController->singlePost('1')
 2 SYSTEMPATH\CodeIgniter.php(492): CodeIgniter\CodeIgniter->runController(Object(App\Controllers\Posts\PostsController))
 3 SYSTEMPATH\CodeIgniter.php(353): CodeIgniter\CodeIgniter->handleRequest(null, Object(Config\Cache), false)
 4 FCPATH\index.php(79): CodeIgniter\CodeIgniter->run()
CRITICAL - 2023-09-06 11:36:07 --> Call to undefined method App\Models\Comment\Comment::count
in SYSTEMPATH\Model.php on line 873.
 1 APPPATH\Controllers\Posts\PostsController.php(70): CodeIgniter\Model->__call('count', [...])
 2 SYSTEMPATH\CodeIgniter.php(915): App\Controllers\Posts\PostsController->singlePost('1')
 3 SYSTEMPATH\CodeIgniter.php(492): CodeIgniter\CodeIgniter->runController(Object(App\Controllers\Posts\PostsController))
 4 SYSTEMPATH\CodeIgniter.php(353): CodeIgniter\CodeIgniter->handleRequest(null, Object(Config\Cache), false)
 5 FCPATH\index.php(79): CodeIgniter\CodeIgniter->run()
INFO - 2023-09-06 11:36:35 --> Session: Class initialized using 'CodeIgniter\Session\Handlers\FileHandler' driver.
INFO - 2023-09-06 11:36:36 --> Session: Class initialized using 'CodeIgniter\Session\Handlers\FileHandler' driver.
CRITICAL - 2023-09-06 11:36:49 --> Call to a member function count() on array
in APPPATH\Controllers\Posts\PostsController.php on line 77.
 1 SYSTEMPATH\CodeIgniter.php(915): App\Controllers\Posts\PostsController->singlePost('1')
 2 SYSTEMPATH\CodeIgniter.php(492): CodeIgniter\CodeIgniter->runController(Object(App\Controllers\Posts\PostsController))
 3 SYSTEMPATH\CodeIgniter.php(353): CodeIgniter\CodeIgniter->handleRequest(null, Object(Config\Cache), false)
 4 FCPATH\index.php(79): CodeIgniter\CodeIgniter->run()
CRITICAL - 2023-09-06 11:38:35 --> Attempt to read property "post_id" on array
in APPPATH\Controllers\Posts\PostsController.php on line 77.
 1 APPPATH\Controllers\Posts\PostsController.php(77): CodeIgniter\Debug\Exceptions->errorHandler(2, 'Attempt to read property "post_id" on array', 'C:\\xampp\\htdocs\\ci-blog\\app\\Controllers\\Posts\\PostsController.php', 77)
 2 SYSTEMPATH\CodeIgniter.php(915): App\Controllers\Posts\PostsController->singlePost('1')
 3 SYSTEMPATH\CodeIgniter.php(492): CodeIgniter\CodeIgniter->runController(Object(App\Controllers\Posts\PostsController))
 4 SYSTEMPATH\CodeIgniter.php(353): CodeIgniter\CodeIgniter->handleRequest(null, Object(Config\Cache), false)
 5 FCPATH\index.php(79): CodeIgniter\CodeIgniter->run()
CRITICAL - 2023-09-06 11:38:56 --> Undefined array key "post_id"
in APPPATH\Controllers\Posts\PostsController.php on line 77.
 1 APPPATH\Controllers\Posts\PostsController.php(77): CodeIgniter\Debug\Exceptions->errorHandler(2, 'Undefined array key "post_id"', 'C:\\xampp\\htdocs\\ci-blog\\app\\Controllers\\Posts\\PostsController.php', 77)
 2 SYSTEMPATH\CodeIgniter.php(915): App\Controllers\Posts\PostsController->singlePost('1')
 3 SYSTEMPATH\CodeIgniter.php(492): CodeIgniter\CodeIgniter->runController(Object(App\Controllers\Posts\PostsController))
 4 SYSTEMPATH\CodeIgniter.php(353): CodeIgniter\CodeIgniter->handleRequest(null, Object(Config\Cache), false)
 5 FCPATH\index.php(79): CodeIgniter\CodeIgniter->run()
INFO - 2023-09-06 11:40:05 --> Session: Class initialized using 'CodeIgniter\Session\Handlers\FileHandler' driver.
INFO - 2023-09-06 11:40:08 --> Session: Class initialized using 'CodeIgniter\Session\Handlers\FileHandler' driver.
CRITICAL - 2023-09-06 13:02:56 --> Call to undefined method CodeIgniter\Database\MySQLi\Connection::count_all()
in APPPATH\Controllers\Posts\PostsController.php on line 68.
 1 SYSTEMPATH\CodeIgniter.php(915): App\Controllers\Posts\PostsController->singlePost('1')
 2 SYSTEMPATH\CodeIgniter.php(492): CodeIgniter\CodeIgniter->runController(Object(App\Controllers\Posts\PostsController))
 3 SYSTEMPATH\CodeIgniter.php(353): CodeIgniter\CodeIgniter->handleRequest(null, Object(Config\Cache), false)
 4 FCPATH\index.php(79): CodeIgniter\CodeIgniter->run()
INFO - 2023-09-06 13:04:32 --> Session: Class initialized using 'CodeIgniter\Session\Handlers\FileHandler' driver.
INFO - 2023-09-06 13:04:34 --> Session: Class initialized using 'CodeIgniter\Session\Handlers\FileHandler' driver.
INFO - 2023-09-06 13:04:50 --> Session: Class initialized using 'CodeIgniter\Session\Handlers\FileHandler' driver.
INFO - 2023-09-06 13:04:51 --> Session: Class initialized using 'CodeIgniter\Session\Handlers\FileHandler' driver.
INFO - 2023-09-06 13:05:13 --> Session: Class initialized using 'CodeIgniter\Session\Handlers\FileHandler' driver.
INFO - 2023-09-06 13:05:14 --> Session: Class initialized using 'CodeIgniter\Session\Handlers\FileHandler' driver.
INFO - 2023-09-06 13:05:38 --> Session: Class initialized using 'CodeIgniter\Session\Handlers\FileHandler' driver.
INFO - 2023-09-06 13:05:39 --> Session: Class initialized using 'CodeIgniter\Session\Handlers\FileHandler' driver.
INFO - 2023-09-06 13:06:06 --> Session: Class initialized using 'CodeIgniter\Session\Handlers\FileHandler' driver.
INFO - 2023-09-06 13:06:06 --> Session: Class initialized using 'CodeIgniter\Session\Handlers\FileHandler' driver.
INFO - 2023-09-06 13:06:43 --> Session: Class initialized using 'CodeIgniter\Session\Handlers\FileHandler' driver.
INFO - 2023-09-06 13:06:45 --> Session: Class initialized using 'CodeIgniter\Session\Handlers\FileHandler' driver.
INFO - 2023-09-06 13:08:38 --> Session: Class initialized using 'CodeIgniter\Session\Handlers\FileHandler' driver.
INFO - 2023-09-06 13:08:39 --> Session: Class initialized using 'CodeIgniter\Session\Handlers\FileHandler' driver.
CRITICAL - 2023-09-06 13:08:51 --> Call to undefined method CodeIgniter\Database\MySQLi\Builder::allResults()
in APPPATH\Controllers\Posts\PostsController.php on line 70.
 1 SYSTEMPATH\CodeIgniter.php(915): App\Controllers\Posts\PostsController->singlePost('1')
 2 SYSTEMPATH\CodeIgniter.php(492): CodeIgniter\CodeIgniter->runController(Object(App\Controllers\Posts\PostsController))
 3 SYSTEMPATH\CodeIgniter.php(353): CodeIgniter\CodeIgniter->handleRequest(null, Object(Config\Cache), false)
 4 FCPATH\index.php(79): CodeIgniter\CodeIgniter->run()
CRITICAL - 2023-09-06 13:09:04 --> Call to undefined method CodeIgniter\Database\MySQLi\Builder::getResult()
in APPPATH\Controllers\Posts\PostsController.php on line 70.
 1 SYSTEMPATH\CodeIgniter.php(915): App\Controllers\Posts\PostsController->singlePost('1')
 2 SYSTEMPATH\CodeIgniter.php(492): CodeIgniter\CodeIgniter->runController(Object(App\Controllers\Posts\PostsController))
 3 SYSTEMPATH\CodeIgniter.php(353): CodeIgniter\CodeIgniter->handleRequest(null, Object(Config\Cache), false)
 4 FCPATH\index.php(79): CodeIgniter\CodeIgniter->run()
INFO - 2023-09-06 13:09:20 --> Session: Class initialized using 'CodeIgniter\Session\Handlers\FileHandler' driver.
INFO - 2023-09-06 13:09:21 --> Session: Class initialized using 'CodeIgniter\Session\Handlers\FileHandler' driver.
ERROR - 2023-09-06 13:09:48 --> mysqli_sql_exception: Unknown column 'post_id' in 'where clause' in C:\xampp\htdocs\ci-blog\system\Database\MySQLi\Connection.php:306
Stack trace:
#0 C:\xampp\htdocs\ci-blog\system\Database\MySQLi\Connection.php(306): mysqli->query('SELECT *\nFROM `...', 0)
#1 C:\xampp\htdocs\ci-blog\system\Database\BaseConnection.php(692): CodeIgniter\Database\MySQLi\Connection->execute('SELECT *\nFROM `...')
#2 C:\xampp\htdocs\ci-blog\system\Database\BaseConnection.php(606): CodeIgniter\Database\BaseConnection->simpleQuery('SELECT *\nFROM `...')
#3 C:\xampp\htdocs\ci-blog\system\Database\BaseBuilder.php(1616): CodeIgniter\Database\BaseConnection->query('SELECT *\nFROM `...', Array, false)
#4 C:\xampp\htdocs\ci-blog\app\Controllers\Posts\PostsController.php(70): CodeIgniter\Database\BaseBuilder->get()
#5 C:\xampp\htdocs\ci-blog\system\CodeIgniter.php(915): App\Controllers\Posts\PostsController->singlePost('1')
#6 C:\xampp\htdocs\ci-blog\system\CodeIgniter.php(492): CodeIgniter\CodeIgniter->runController(Object(App\Controllers\Posts\PostsController))
#7 C:\xampp\htdocs\ci-blog\system\CodeIgniter.php(353): CodeIgniter\CodeIgniter->handleRequest(NULL, Object(Config\Cache), false)
#8 C:\xampp\htdocs\ci-blog\index.php(79): CodeIgniter\CodeIgniter->run()
#9 {main}
CRITICAL - 2023-09-06 13:09:48 --> Unknown column 'post_id' in 'where clause'
in SYSTEMPATH\Database\BaseConnection.php on line 646.
 1 SYSTEMPATH\Database\BaseBuilder.php(1616): CodeIgniter\Database\BaseConnection->query('SELECT *
FROM `posts`
WHERE `post_id` = :post_id:', [...], false)
 2 APPPATH\Controllers\Posts\PostsController.php(70): CodeIgniter\Database\BaseBuilder->get()
 3 SYSTEMPATH\CodeIgniter.php(915): App\Controllers\Posts\PostsController->singlePost('1')
 4 SYSTEMPATH\CodeIgniter.php(492): CodeIgniter\CodeIgniter->runController(Object(App\Controllers\Posts\PostsController))
 5 SYSTEMPATH\CodeIgniter.php(353): CodeIgniter\CodeIgniter->handleRequest(null, Object(Config\Cache), false)
 6 FCPATH\index.php(79): CodeIgniter\CodeIgniter->run()
INFO - 2023-09-06 13:09:58 --> Session: Class initialized using 'CodeIgniter\Session\Handlers\FileHandler' driver.
INFO - 2023-09-06 13:09:59 --> Session: Class initialized using 'CodeIgniter\Session\Handlers\FileHandler' driver.
INFO - 2023-09-06 13:10:15 --> Session: Class initialized using 'CodeIgniter\Session\Handlers\FileHandler' driver.
INFO - 2023-09-06 13:10:16 --> Session: Class initialized using 'CodeIgniter\Session\Handlers\FileHandler' driver.
INFO - 2023-09-06 13:10:36 --> Session: Class initialized using 'CodeIgniter\Session\Handlers\FileHandler' driver.
INFO - 2023-09-06 13:10:37 --> Session: Class initialized using 'CodeIgniter\Session\Handlers\FileHandler' driver.
INFO - 2023-09-06 13:13:38 --> Session: Class initialized using 'CodeIgniter\Session\Handlers\FileHandler' driver.
INFO - 2023-09-06 13:13:39 --> Session: Class initialized using 'CodeIgniter\Session\Handlers\FileHandler' driver.
CRITICAL - 2023-09-06 13:13:45 --> compact(): Undefined variable $x
in APPPATH\Controllers\Posts\PostsController.php on line 72.
 1 [internal function]: CodeIgniter\Debug\Exceptions->errorHandler(2, 'compact(): Undefined variable $x', 'C:\\xampp\\htdocs\\ci-blog\\app\\Controllers\\Posts\\PostsController.php', 72)
 2 APPPATH\Controllers\Posts\PostsController.php(72): compact('data', 'categories', 'popPosts', 'comments', 'x')
 3 SYSTEMPATH\CodeIgniter.php(915): App\Controllers\Posts\PostsController->singlePost('1')
 4 SYSTEMPATH\CodeIgniter.php(492): CodeIgniter\CodeIgniter->runController(Object(App\Controllers\Posts\PostsController))
 5 SYSTEMPATH\CodeIgniter.php(353): CodeIgniter\CodeIgniter->handleRequest(null, Object(Config\Cache), false)
 6 FCPATH\index.php(79): CodeIgniter\CodeIgniter->run()
INFO - 2023-09-06 13:14:02 --> Session: Class initialized using 'CodeIgniter\Session\Handlers\FileHandler' driver.
INFO - 2023-09-06 13:14:04 --> Session: Class initialized using 'CodeIgniter\Session\Handlers\FileHandler' driver.
CRITICAL - 2023-09-06 13:19:02 --> Call to undefined method CodeIgniter\Database\MySQLi\Builder::getAllResults()
in APPPATH\Controllers\Posts\PostsController.php on line 71.
 1 SYSTEMPATH\CodeIgniter.php(915): App\Controllers\Posts\PostsController->singlePost('1')
 2 SYSTEMPATH\CodeIgniter.php(492): CodeIgniter\CodeIgniter->runController(Object(App\Controllers\Posts\PostsController))
 3 SYSTEMPATH\CodeIgniter.php(353): CodeIgniter\CodeIgniter->handleRequest(null, Object(Config\Cache), false)
 4 FCPATH\index.php(79): CodeIgniter\CodeIgniter->run()
INFO - 2023-09-06 13:19:40 --> Session: Class initialized using 'CodeIgniter\Session\Handlers\FileHandler' driver.
INFO - 2023-09-06 13:19:43 --> Session: Class initialized using 'CodeIgniter\Session\Handlers\FileHandler' driver.
INFO - 2023-09-06 13:19:48 --> Session: Class initialized using 'CodeIgniter\Session\Handlers\FileHandler' driver.
INFO - 2023-09-06 13:19:51 --> Session: Class initialized using 'CodeIgniter\Session\Handlers\FileHandler' driver.
INFO - 2023-09-06 13:19:55 --> Session: Class initialized using 'CodeIgniter\Session\Handlers\FileHandler' driver.
INFO - 2023-09-06 13:19:57 --> Session: Class initialized using 'CodeIgniter\Session\Handlers\FileHandler' driver.
INFO - 2023-09-06 13:20:02 --> Session: Class initialized using 'CodeIgniter\Session\Handlers\FileHandler' driver.
INFO - 2023-09-06 13:20:03 --> Session: Class initialized using 'CodeIgniter\Session\Handlers\FileHandler' driver.
INFO - 2023-09-06 13:20:04 --> Session: Class initialized using 'CodeIgniter\Session\Handlers\FileHandler' driver.
INFO - 2023-09-06 13:20:05 --> Session: Class initialized using 'CodeIgniter\Session\Handlers\FileHandler' driver.
ERROR - 2023-09-06 13:22:38 --> mysqli_sql_exception: You have an error in your SQL syntax; check the manual that corresponds to your MariaDB server version for the right syntax to use near 'ORDER BY id DESC' at line 1 in C:\xampp\htdocs\ci-blog\system\Database\MySQLi\Connection.php:306
Stack trace:
#0 C:\xampp\htdocs\ci-blog\system\Database\MySQLi\Connection.php(306): mysqli->query('SELECT *  FROM ...', 0)
#1 C:\xampp\htdocs\ci-blog\system\Database\BaseConnection.php(692): CodeIgniter\Database\MySQLi\Connection->execute('SELECT *  FROM ...')
#2 C:\xampp\htdocs\ci-blog\system\Database\BaseConnection.php(606): CodeIgniter\Database\BaseConnection->simpleQuery('SELECT *  FROM ...')
#3 C:\xampp\htdocs\ci-blog\app\Controllers\Posts\PostsController.php(77): CodeIgniter\Database\BaseConnection->query('SELECT *  FROM ...')
#4 C:\xampp\htdocs\ci-blog\system\CodeIgniter.php(915): App\Controllers\Posts\PostsController->singlePost('1')
#5 C:\xampp\htdocs\ci-blog\system\CodeIgniter.php(492): CodeIgniter\CodeIgniter->runController(Object(App\Controllers\Posts\PostsController))
#6 C:\xampp\htdocs\ci-blog\system\CodeIgniter.php(353): CodeIgniter\CodeIgniter->handleRequest(NULL, Object(Config\Cache), false)
#7 C:\xampp\htdocs\ci-blog\index.php(79): CodeIgniter\CodeIgniter->run()
#8 {main}
CRITICAL - 2023-09-06 13:22:38 --> You have an error in your SQL syntax; check the manual that corresponds to your MariaDB server version for the right syntax to use near 'ORDER BY id DESC' at line 1
in SYSTEMPATH\Database\BaseConnection.php on line 646.
 1 APPPATH\Controllers\Posts\PostsController.php(77): CodeIgniter\Database\BaseConnection->query('SELECT *  FROM posts  WHERE id != \'1\' LIMIT 4 ORDER BY id DESC')
 2 SYSTEMPATH\CodeIgniter.php(915): App\Controllers\Posts\PostsController->singlePost('1')
 3 SYSTEMPATH\CodeIgniter.php(492): CodeIgniter\CodeIgniter->runController(Object(App\Controllers\Posts\PostsController))
 4 SYSTEMPATH\CodeIgniter.php(353): CodeIgniter\CodeIgniter->handleRequest(null, Object(Config\Cache), false)
 5 FCPATH\index.php(79): CodeIgniter\CodeIgniter->run()
INFO - 2023-09-06 13:24:35 --> Session: Class initialized using 'CodeIgniter\Session\Handlers\FileHandler' driver.
INFO - 2023-09-06 13:24:36 --> Session: Class initialized using 'CodeIgniter\Session\Handlers\FileHandler' driver.
INFO - 2023-09-06 13:28:05 --> Session: Class initialized using 'CodeIgniter\Session\Handlers\FileHandler' driver.
INFO - 2023-09-06 13:28:07 --> Session: Class initialized using 'CodeIgniter\Session\Handlers\FileHandler' driver.
INFO - 2023-09-06 13:29:09 --> Session: Class initialized using 'CodeIgniter\Session\Handlers\FileHandler' driver.
INFO - 2023-09-06 13:29:11 --> Session: Class initialized using 'CodeIgniter\Session\Handlers\FileHandler' driver.
INFO - 2023-09-06 14:44:21 --> Session: Class initialized using 'CodeIgniter\Session\Handlers\FileHandler' driver.
INFO - 2023-09-06 14:44:26 --> Session: Class initialized using 'CodeIgniter\Session\Handlers\FileHandler' driver.
INFO - 2023-09-06 14:45:57 --> Session: Class initialized using 'CodeIgniter\Session\Handlers\FileHandler' driver.
INFO - 2023-09-06 14:45:58 --> Session: Class initialized using 'CodeIgniter\Session\Handlers\FileHandler' driver.
INFO - 2023-09-06 14:45:58 --> Session: Class initialized using 'CodeIgniter\Session\Handlers\FileHandler' driver.
INFO - 2023-09-06 14:45:58 --> Session: Class initialized using 'CodeIgniter\Session\Handlers\FileHandler' driver.
INFO - 2023-09-06 14:45:59 --> Session: Class initialized using 'CodeIgniter\Session\Handlers\FileHandler' driver.
INFO - 2023-09-06 14:45:59 --> Session: Class initialized using 'CodeIgniter\Session\Handlers\FileHandler' driver.
INFO - 2023-09-06 14:46:02 --> Session: Class initialized using 'CodeIgniter\Session\Handlers\FileHandler' driver.
INFO - 2023-09-06 14:46:03 --> Session: Class initialized using 'CodeIgniter\Session\Handlers\FileHandler' driver.
INFO - 2023-09-06 14:46:03 --> Session: Class initialized using 'CodeIgniter\Session\Handlers\FileHandler' driver.
INFO - 2023-09-06 14:46:03 --> Session: Class initialized using 'CodeIgniter\Session\Handlers\FileHandler' driver.
INFO - 2023-09-06 14:46:04 --> Session: Class initialized using 'CodeIgniter\Session\Handlers\FileHandler' driver.
INFO - 2023-09-06 14:46:04 --> Session: Class initialized using 'CodeIgniter\Session\Handlers\FileHandler' driver.
INFO - 2023-09-06 14:46:05 --> Session: Class initialized using 'CodeIgniter\Session\Handlers\FileHandler' driver.
INFO - 2023-09-06 14:46:05 --> Session: Class initialized using 'CodeIgniter\Session\Handlers\FileHandler' driver.
INFO - 2023-09-06 14:46:05 --> Session: Class initialized using 'CodeIgniter\Session\Handlers\FileHandler' driver.
INFO - 2023-09-06 14:46:06 --> Session: Class initialized using 'CodeIgniter\Session\Handlers\FileHandler' driver.
INFO - 2023-09-06 14:46:06 --> Session: Class initialized using 'CodeIgniter\Session\Handlers\FileHandler' driver.
INFO - 2023-09-06 14:46:06 --> Session: Class initialized using 'CodeIgniter\Session\Handlers\FileHandler' driver.
INFO - 2023-09-06 14:49:21 --> Session: Class initialized using 'CodeIgniter\Session\Handlers\FileHandler' driver.
INFO - 2023-09-06 14:49:23 --> Session: Class initialized using 'CodeIgniter\Session\Handlers\FileHandler' driver.
INFO - 2023-09-06 14:49:28 --> Session: Class initialized using 'CodeIgniter\Session\Handlers\FileHandler' driver.
INFO - 2023-09-06 14:49:30 --> Session: Class initialized using 'CodeIgniter\Session\Handlers\FileHandler' driver.
